{"level":"error","message":"âœ˜ Failed to rebuild document Failed to parse test.wtest: \n-- PARSING FAILED --------------------------------------------------\n\n  43 | \n  44 | \n> 45 | }\n     | ^\n\nExpected one of the following: \n\n'@', '{', comment, whitespace\n","stack":"Error: Failed to parse test.wtest: \n-- PARSING FAILED --------------------------------------------------\n\n  43 | \n  44 | \n> 45 | }\n     | ^\n\nExpected one of the following: \n\n'@', '{', comment, whitespace\n\n    at c:\\Users\\Feche\\.vscode\\extensions\\uqbar.wollok-lsp-ide-0.5.3\\out\\server\\src\\server.js:2348:13026\n    at Array.map (<anonymous>)\n    at W1n (c:\\Users\\Feche\\.vscode\\extensions\\uqbar.wollok-lsp-ide-0.5.3\\out\\server\\src\\server.js:2348:12950)\n    at U2.buildEnvironmentFrom (c:\\Users\\Feche\\.vscode\\extensions\\uqbar.wollok-lsp-ide-0.5.3\\out\\server\\src\\server.js:2393:5254)\n    at U2.updateEnvironmentWith (c:\\Users\\Feche\\.vscode\\extensions\\uqbar.wollok-lsp-ide-0.5.3\\out\\server\\src\\server.js:2393:4989)\n    at JF (c:\\Users\\Feche\\.vscode\\extensions\\uqbar.wollok-lsp-ide-0.5.3\\out\\server\\src\\server.js:2393:7383)\n    at F3.invoke (c:\\Users\\Feche\\.vscode\\extensions\\uqbar.wollok-lsp-ide-0.5.3\\out\\server\\src\\server.js:3:157334)\n    at o.fire (c:\\Users\\Feche\\.vscode\\extensions\\uqbar.wollok-lsp-ide-0.5.3\\out\\server\\src\\server.js:3:158104)\n    at c:\\Users\\Feche\\.vscode\\extensions\\uqbar.wollok-lsp-ide-0.5.3\\out\\server\\src\\server.js:37:57871\n    at Zr (c:\\Users\\Feche\\.vscode\\extensions\\uqbar.wollok-lsp-ide-0.5.3\\out\\server\\src\\server.js:8:1561)","timestamp":"2025-10-11T08:00:39.988Z"}
{"level":"error","message":"âœ˜ Failed to rebuild document Failed to parse test.wtest: \n-- PARSING FAILED --------------------------------------------------\n\n  43 | \n  44 | \n> 45 | }\n     | ^\n\nExpected one of the following: \n\n'@', '{', comment, whitespace\n","stack":"Error: Failed to parse test.wtest: \n-- PARSING FAILED --------------------------------------------------\n\n  43 | \n  44 | \n> 45 | }\n     | ^\n\nExpected one of the following: \n\n'@', '{', comment, whitespace\n\n    at c:\\Users\\Feche\\.vscode\\extensions\\uqbar.wollok-lsp-ide-0.5.3\\out\\server\\src\\server.js:2348:13026\n    at Array.map (<anonymous>)\n    at W1n (c:\\Users\\Feche\\.vscode\\extensions\\uqbar.wollok-lsp-ide-0.5.3\\out\\server\\src\\server.js:2348:12950)\n    at U2.buildEnvironmentFrom (c:\\Users\\Feche\\.vscode\\extensions\\uqbar.wollok-lsp-ide-0.5.3\\out\\server\\src\\server.js:2393:5254)\n    at U2.updateEnvironmentWith (c:\\Users\\Feche\\.vscode\\extensions\\uqbar.wollok-lsp-ide-0.5.3\\out\\server\\src\\server.js:2393:4989)\n    at JF (c:\\Users\\Feche\\.vscode\\extensions\\uqbar.wollok-lsp-ide-0.5.3\\out\\server\\src\\server.js:2393:7383)\n    at F3.invoke (c:\\Users\\Feche\\.vscode\\extensions\\uqbar.wollok-lsp-ide-0.5.3\\out\\server\\src\\server.js:3:157334)\n    at o.fire (c:\\Users\\Feche\\.vscode\\extensions\\uqbar.wollok-lsp-ide-0.5.3\\out\\server\\src\\server.js:3:158104)\n    at c:\\Users\\Feche\\.vscode\\extensions\\uqbar.wollok-lsp-ide-0.5.3\\out\\server\\src\\server.js:37:57871\n    at Zr (c:\\Users\\Feche\\.vscode\\extensions\\uqbar.wollok-lsp-ide-0.5.3\\out\\server\\src\\server.js:8:1561)","timestamp":"2025-10-11T08:00:40.038Z"}
{"level":"error","message":"âœ˜ Failed to rebuild document Failed to parse test.wtest: \n-- PARSING FAILED --------------------------------------------------\n\n  43 | \n  44 | \n> 45 | }\n     | ^\n\nExpected one of the following: \n\n'@', '{', comment, whitespace\n","stack":"Error: Failed to parse test.wtest: \n-- PARSING FAILED --------------------------------------------------\n\n  43 | \n  44 | \n> 45 | }\n     | ^\n\nExpected one of the following: \n\n'@', '{', comment, whitespace\n\n    at c:\\Users\\Feche\\.vscode\\extensions\\uqbar.wollok-lsp-ide-0.5.3\\out\\server\\src\\server.js:2348:13026\n    at Array.map (<anonymous>)\n    at W1n (c:\\Users\\Feche\\.vscode\\extensions\\uqbar.wollok-lsp-ide-0.5.3\\out\\server\\src\\server.js:2348:12950)\n    at U2.buildEnvironmentFrom (c:\\Users\\Feche\\.vscode\\extensions\\uqbar.wollok-lsp-ide-0.5.3\\out\\server\\src\\server.js:2393:5254)\n    at U2.updateEnvironmentWith (c:\\Users\\Feche\\.vscode\\extensions\\uqbar.wollok-lsp-ide-0.5.3\\out\\server\\src\\server.js:2393:4989)\n    at JF (c:\\Users\\Feche\\.vscode\\extensions\\uqbar.wollok-lsp-ide-0.5.3\\out\\server\\src\\server.js:2393:7383)\n    at F3.invoke (c:\\Users\\Feche\\.vscode\\extensions\\uqbar.wollok-lsp-ide-0.5.3\\out\\server\\src\\server.js:3:157334)\n    at o.fire (c:\\Users\\Feche\\.vscode\\extensions\\uqbar.wollok-lsp-ide-0.5.3\\out\\server\\src\\server.js:3:158104)\n    at c:\\Users\\Feche\\.vscode\\extensions\\uqbar.wollok-lsp-ide-0.5.3\\out\\server\\src\\server.js:37:57871\n    at Zr (c:\\Users\\Feche\\.vscode\\extensions\\uqbar.wollok-lsp-ide-0.5.3\\out\\server\\src\\server.js:8:1561)","timestamp":"2025-10-11T08:00:40.230Z"}
{"level":"error","message":"âœ˜ Failed to rebuild document Failed to parse test.wtest: \n-- PARSING FAILED --------------------------------------------------\n\n  43 | \n  44 | \n> 45 | }\n     | ^\n\nExpected one of the following: \n\n'@', '{', comment, whitespace\n","stack":"Error: Failed to parse test.wtest: \n-- PARSING FAILED --------------------------------------------------\n\n  43 | \n  44 | \n> 45 | }\n     | ^\n\nExpected one of the following: \n\n'@', '{', comment, whitespace\n\n    at c:\\Users\\Feche\\.vscode\\extensions\\uqbar.wollok-lsp-ide-0.5.3\\out\\server\\src\\server.js:2348:13026\n    at Array.map (<anonymous>)\n    at W1n (c:\\Users\\Feche\\.vscode\\extensions\\uqbar.wollok-lsp-ide-0.5.3\\out\\server\\src\\server.js:2348:12950)\n    at U2.buildEnvironmentFrom (c:\\Users\\Feche\\.vscode\\extensions\\uqbar.wollok-lsp-ide-0.5.3\\out\\server\\src\\server.js:2393:5254)\n    at U2.updateEnvironmentWith (c:\\Users\\Feche\\.vscode\\extensions\\uqbar.wollok-lsp-ide-0.5.3\\out\\server\\src\\server.js:2393:4989)\n    at JF (c:\\Users\\Feche\\.vscode\\extensions\\uqbar.wollok-lsp-ide-0.5.3\\out\\server\\src\\server.js:2393:7383)\n    at F3.invoke (c:\\Users\\Feche\\.vscode\\extensions\\uqbar.wollok-lsp-ide-0.5.3\\out\\server\\src\\server.js:3:157334)\n    at o.fire (c:\\Users\\Feche\\.vscode\\extensions\\uqbar.wollok-lsp-ide-0.5.3\\out\\server\\src\\server.js:3:158104)\n    at c:\\Users\\Feche\\.vscode\\extensions\\uqbar.wollok-lsp-ide-0.5.3\\out\\server\\src\\server.js:37:57871\n    at Zr (c:\\Users\\Feche\\.vscode\\extensions\\uqbar.wollok-lsp-ide-0.5.3\\out\\server\\src\\server.js:8:1561)","timestamp":"2025-10-11T08:00:40.318Z"}
{"level":"error","message":"âœ˜ Failed to rebuild document Failed to parse test.wtest: \n-- PARSING FAILED --------------------------------------------------\n\n  43 | \n  44 | \n> 45 | }\n     | ^\n\nExpected one of the following: \n\n'@', '{', comment, whitespace\n","stack":"Error: Failed to parse test.wtest: \n-- PARSING FAILED --------------------------------------------------\n\n  43 | \n  44 | \n> 45 | }\n     | ^\n\nExpected one of the following: \n\n'@', '{', comment, whitespace\n\n    at c:\\Users\\Feche\\.vscode\\extensions\\uqbar.wollok-lsp-ide-0.5.3\\out\\server\\src\\server.js:2348:13026\n    at Array.map (<anonymous>)\n    at W1n (c:\\Users\\Feche\\.vscode\\extensions\\uqbar.wollok-lsp-ide-0.5.3\\out\\server\\src\\server.js:2348:12950)\n    at U2.buildEnvironmentFrom (c:\\Users\\Feche\\.vscode\\extensions\\uqbar.wollok-lsp-ide-0.5.3\\out\\server\\src\\server.js:2393:5254)\n    at U2.updateEnvironmentWith (c:\\Users\\Feche\\.vscode\\extensions\\uqbar.wollok-lsp-ide-0.5.3\\out\\server\\src\\server.js:2393:4989)\n    at JF (c:\\Users\\Feche\\.vscode\\extensions\\uqbar.wollok-lsp-ide-0.5.3\\out\\server\\src\\server.js:2393:7383)\n    at F3.invoke (c:\\Users\\Feche\\.vscode\\extensions\\uqbar.wollok-lsp-ide-0.5.3\\out\\server\\src\\server.js:3:157334)\n    at o.fire (c:\\Users\\Feche\\.vscode\\extensions\\uqbar.wollok-lsp-ide-0.5.3\\out\\server\\src\\server.js:3:158104)\n    at c:\\Users\\Feche\\.vscode\\extensions\\uqbar.wollok-lsp-ide-0.5.3\\out\\server\\src\\server.js:37:57871\n    at Zr (c:\\Users\\Feche\\.vscode\\extensions\\uqbar.wollok-lsp-ide-0.5.3\\out\\server\\src\\server.js:8:1561)","timestamp":"2025-10-11T08:00:40.437Z"}
{"level":"error","message":"âœ˜ Failed to rebuild document Failed to parse test.wtest: \n-- PARSING FAILED --------------------------------------------------\n\n  43 | \n  44 | \n> 45 | }\n     | ^\n\nExpected one of the following: \n\n'@', '{', comment, whitespace\n","stack":"Error: Failed to parse test.wtest: \n-- PARSING FAILED --------------------------------------------------\n\n  43 | \n  44 | \n> 45 | }\n     | ^\n\nExpected one of the following: \n\n'@', '{', comment, whitespace\n\n    at c:\\Users\\Feche\\.vscode\\extensions\\uqbar.wollok-lsp-ide-0.5.3\\out\\server\\src\\server.js:2348:13026\n    at Array.map (<anonymous>)\n    at W1n (c:\\Users\\Feche\\.vscode\\extensions\\uqbar.wollok-lsp-ide-0.5.3\\out\\server\\src\\server.js:2348:12950)\n    at U2.buildEnvironmentFrom (c:\\Users\\Feche\\.vscode\\extensions\\uqbar.wollok-lsp-ide-0.5.3\\out\\server\\src\\server.js:2393:5254)\n    at U2.updateEnvironmentWith (c:\\Users\\Feche\\.vscode\\extensions\\uqbar.wollok-lsp-ide-0.5.3\\out\\server\\src\\server.js:2393:4989)\n    at JF (c:\\Users\\Feche\\.vscode\\extensions\\uqbar.wollok-lsp-ide-0.5.3\\out\\server\\src\\server.js:2393:7383)\n    at F3.invoke (c:\\Users\\Feche\\.vscode\\extensions\\uqbar.wollok-lsp-ide-0.5.3\\out\\server\\src\\server.js:3:157334)\n    at o.fire (c:\\Users\\Feche\\.vscode\\extensions\\uqbar.wollok-lsp-ide-0.5.3\\out\\server\\src\\server.js:3:158104)\n    at c:\\Users\\Feche\\.vscode\\extensions\\uqbar.wollok-lsp-ide-0.5.3\\out\\server\\src\\server.js:37:57871\n    at Zr (c:\\Users\\Feche\\.vscode\\extensions\\uqbar.wollok-lsp-ide-0.5.3\\out\\server\\src\\server.js:8:1561)","timestamp":"2025-10-11T08:00:40.620Z"}
{"level":"error","message":"âœ˜ Failed to rebuild document Failed to parse test.wtest: \n-- PARSING FAILED --------------------------------------------------\n\n  43 | \n  44 | \n> 45 | }\n     | ^\n\nExpected one of the following: \n\n'@', '{', comment, whitespace\n","stack":"Error: Failed to parse test.wtest: \n-- PARSING FAILED --------------------------------------------------\n\n  43 | \n  44 | \n> 45 | }\n     | ^\n\nExpected one of the following: \n\n'@', '{', comment, whitespace\n\n    at c:\\Users\\Feche\\.vscode\\extensions\\uqbar.wollok-lsp-ide-0.5.3\\out\\server\\src\\server.js:2348:13026\n    at Array.map (<anonymous>)\n    at W1n (c:\\Users\\Feche\\.vscode\\extensions\\uqbar.wollok-lsp-ide-0.5.3\\out\\server\\src\\server.js:2348:12950)\n    at U2.buildEnvironmentFrom (c:\\Users\\Feche\\.vscode\\extensions\\uqbar.wollok-lsp-ide-0.5.3\\out\\server\\src\\server.js:2393:5254)\n    at U2.updateEnvironmentWith (c:\\Users\\Feche\\.vscode\\extensions\\uqbar.wollok-lsp-ide-0.5.3\\out\\server\\src\\server.js:2393:4989)\n    at JF (c:\\Users\\Feche\\.vscode\\extensions\\uqbar.wollok-lsp-ide-0.5.3\\out\\server\\src\\server.js:2393:7383)\n    at F3.invoke (c:\\Users\\Feche\\.vscode\\extensions\\uqbar.wollok-lsp-ide-0.5.3\\out\\server\\src\\server.js:3:157334)\n    at o.fire (c:\\Users\\Feche\\.vscode\\extensions\\uqbar.wollok-lsp-ide-0.5.3\\out\\server\\src\\server.js:3:158104)\n    at c:\\Users\\Feche\\.vscode\\extensions\\uqbar.wollok-lsp-ide-0.5.3\\out\\server\\src\\server.js:37:57871\n    at Zr (c:\\Users\\Feche\\.vscode\\extensions\\uqbar.wollok-lsp-ide-0.5.3\\out\\server\\src\\server.js:8:1561)","timestamp":"2025-10-11T08:00:40.686Z"}
{"level":"error","message":"âœ˜ Failed to rebuild document Failed to parse test.wtest: \n-- PARSING FAILED --------------------------------------------------\n\n  43 | \n  44 | \n> 45 | }\n     | ^\n\nExpected one of the following: \n\n'@', '{', comment, whitespace\n","stack":"Error: Failed to parse test.wtest: \n-- PARSING FAILED --------------------------------------------------\n\n  43 | \n  44 | \n> 45 | }\n     | ^\n\nExpected one of the following: \n\n'@', '{', comment, whitespace\n\n    at c:\\Users\\Feche\\.vscode\\extensions\\uqbar.wollok-lsp-ide-0.5.3\\out\\server\\src\\server.js:2348:13026\n    at Array.map (<anonymous>)\n    at W1n (c:\\Users\\Feche\\.vscode\\extensions\\uqbar.wollok-lsp-ide-0.5.3\\out\\server\\src\\server.js:2348:12950)\n    at U2.buildEnvironmentFrom (c:\\Users\\Feche\\.vscode\\extensions\\uqbar.wollok-lsp-ide-0.5.3\\out\\server\\src\\server.js:2393:5254)\n    at U2.updateEnvironmentWith (c:\\Users\\Feche\\.vscode\\extensions\\uqbar.wollok-lsp-ide-0.5.3\\out\\server\\src\\server.js:2393:4989)\n    at JF (c:\\Users\\Feche\\.vscode\\extensions\\uqbar.wollok-lsp-ide-0.5.3\\out\\server\\src\\server.js:2393:7383)\n    at F3.invoke (c:\\Users\\Feche\\.vscode\\extensions\\uqbar.wollok-lsp-ide-0.5.3\\out\\server\\src\\server.js:3:157334)\n    at o.fire (c:\\Users\\Feche\\.vscode\\extensions\\uqbar.wollok-lsp-ide-0.5.3\\out\\server\\src\\server.js:3:158104)\n    at c:\\Users\\Feche\\.vscode\\extensions\\uqbar.wollok-lsp-ide-0.5.3\\out\\server\\src\\server.js:37:57871\n    at Zr (c:\\Users\\Feche\\.vscode\\extensions\\uqbar.wollok-lsp-ide-0.5.3\\out\\server\\src\\server.js:8:1561)","timestamp":"2025-10-11T08:00:40.850Z"}
{"level":"info","message":"âŒ› Validating test.wtest","timeElapsed":130,"timestamp":"2025-10-11T08:00:50.674Z"}
{"level":"info","message":"âŒ› Validating test.wtest","timeElapsed":123,"timestamp":"2025-10-11T08:00:51.971Z"}
{"level":"info","message":"âŒ› Validating test.wtest","timeElapsed":107,"timestamp":"2025-10-11T08:00:57.759Z"}
{"level":"info","message":"âŒ› Building environment","timeElapsed":136,"timestamp":"2025-10-11T08:00:57.895Z"}
{"level":"info","message":"âŒ› Validating test.wtest","timeElapsed":112,"timestamp":"2025-10-11T08:00:58.335Z"}
{"level":"error","message":"âœ˜ Completions for node Send ([43:5, 43:19] - test.wtest) failed: Error: [Send]{213092} at test.wtest:43 exhausted all cases without a match [Send]{213092} at test.wtest:43 exhausted all cases without a match","stack":"Error: [Send]{213092} at test.wtest:43 exhausted all cases without a match\n    at c:\\Users\\Feche\\.vscode\\extensions\\uqbar.wollok-lsp-ide-0.5.3\\out\\server\\src\\server.js:38:6142\n    at D2 (c:\\Users\\Feche\\.vscode\\extensions\\uqbar.wollok-lsp-ide-0.5.3\\out\\server\\src\\server.js:2384:42)\n    at Qh (c:\\Users\\Feche\\.vscode\\extensions\\uqbar.wollok-lsp-ide-0.5.3\\out\\server\\src\\server.js:2384:1092)\n    at k6n (c:\\Users\\Feche\\.vscode\\extensions\\uqbar.wollok-lsp-ide-0.5.3\\out\\server\\src\\server.js:2384:1248)\n    at c:\\Users\\Feche\\.vscode\\extensions\\uqbar.wollok-lsp-ide-0.5.3\\out\\server\\src\\server.js:38:6131\n    at D2 (c:\\Users\\Feche\\.vscode\\extensions\\uqbar.wollok-lsp-ide-0.5.3\\out\\server\\src\\server.js:2384:42)\n    at c:\\Users\\Feche\\.vscode\\extensions\\uqbar.wollok-lsp-ide-0.5.3\\out\\server\\src\\server.js:2384:2988\n    at c:\\Users\\Feche\\.vscode\\extensions\\uqbar.wollok-lsp-ide-0.5.3\\out\\server\\src\\server.js:2393:8440\n    at c:\\Users\\Feche\\.vscode\\extensions\\uqbar.wollok-lsp-ide-0.5.3\\out\\server\\src\\server.js:37:74872\n    at Ye (c:\\Users\\Feche\\.vscode\\extensions\\uqbar.wollok-lsp-ide-0.5.3\\out\\server\\src\\server.js:7:8527)","timestamp":"2025-10-11T08:01:00.296Z"}
{"level":"info","message":"âŒ› Validating test.wtest","timeElapsed":112,"timestamp":"2025-10-11T08:01:00.500Z"}
{"level":"error","message":"âœ˜ Completions for node Send ([43:5, 43:21] - test.wtest) failed: Error: [Send]{8e4e21} at test.wtest:43 exhausted all cases without a match [Send]{8e4e21} at test.wtest:43 exhausted all cases without a match","stack":"Error: [Send]{8e4e21} at test.wtest:43 exhausted all cases without a match\n    at c:\\Users\\Feche\\.vscode\\extensions\\uqbar.wollok-lsp-ide-0.5.3\\out\\server\\src\\server.js:38:6142\n    at D2 (c:\\Users\\Feche\\.vscode\\extensions\\uqbar.wollok-lsp-ide-0.5.3\\out\\server\\src\\server.js:2384:42)\n    at Qh (c:\\Users\\Feche\\.vscode\\extensions\\uqbar.wollok-lsp-ide-0.5.3\\out\\server\\src\\server.js:2384:1092)\n    at k6n (c:\\Users\\Feche\\.vscode\\extensions\\uqbar.wollok-lsp-ide-0.5.3\\out\\server\\src\\server.js:2384:1248)\n    at c:\\Users\\Feche\\.vscode\\extensions\\uqbar.wollok-lsp-ide-0.5.3\\out\\server\\src\\server.js:38:6131\n    at D2 (c:\\Users\\Feche\\.vscode\\extensions\\uqbar.wollok-lsp-ide-0.5.3\\out\\server\\src\\server.js:2384:42)\n    at c:\\Users\\Feche\\.vscode\\extensions\\uqbar.wollok-lsp-ide-0.5.3\\out\\server\\src\\server.js:2384:2988\n    at c:\\Users\\Feche\\.vscode\\extensions\\uqbar.wollok-lsp-ide-0.5.3\\out\\server\\src\\server.js:2393:8440\n    at c:\\Users\\Feche\\.vscode\\extensions\\uqbar.wollok-lsp-ide-0.5.3\\out\\server\\src\\server.js:37:74872\n    at Ye (c:\\Users\\Feche\\.vscode\\extensions\\uqbar.wollok-lsp-ide-0.5.3\\out\\server\\src\\server.js:7:8527)","timestamp":"2025-10-11T08:01:00.593Z"}
{"level":"info","message":"âŒ› Validating test.wtest","timeElapsed":139,"timestamp":"2025-10-11T08:01:01.783Z"}
{"level":"error","message":"âœ˜ Completions for node Send ([43:5, 43:28] - test.wtest) failed: Error: [Send]{f0d2ab} at test.wtest:43 exhausted all cases without a match [Send]{f0d2ab} at test.wtest:43 exhausted all cases without a match","stack":"Error: [Send]{f0d2ab} at test.wtest:43 exhausted all cases without a match\n    at c:\\Users\\Feche\\.vscode\\extensions\\uqbar.wollok-lsp-ide-0.5.3\\out\\server\\src\\server.js:38:6142\n    at D2 (c:\\Users\\Feche\\.vscode\\extensions\\uqbar.wollok-lsp-ide-0.5.3\\out\\server\\src\\server.js:2384:42)\n    at Qh (c:\\Users\\Feche\\.vscode\\extensions\\uqbar.wollok-lsp-ide-0.5.3\\out\\server\\src\\server.js:2384:1092)\n    at k6n (c:\\Users\\Feche\\.vscode\\extensions\\uqbar.wollok-lsp-ide-0.5.3\\out\\server\\src\\server.js:2384:1248)\n    at c:\\Users\\Feche\\.vscode\\extensions\\uqbar.wollok-lsp-ide-0.5.3\\out\\server\\src\\server.js:38:6131\n    at D2 (c:\\Users\\Feche\\.vscode\\extensions\\uqbar.wollok-lsp-ide-0.5.3\\out\\server\\src\\server.js:2384:42)\n    at c:\\Users\\Feche\\.vscode\\extensions\\uqbar.wollok-lsp-ide-0.5.3\\out\\server\\src\\server.js:2384:2988\n    at c:\\Users\\Feche\\.vscode\\extensions\\uqbar.wollok-lsp-ide-0.5.3\\out\\server\\src\\server.js:2393:8440\n    at c:\\Users\\Feche\\.vscode\\extensions\\uqbar.wollok-lsp-ide-0.5.3\\out\\server\\src\\server.js:37:74872\n    at Ye (c:\\Users\\Feche\\.vscode\\extensions\\uqbar.wollok-lsp-ide-0.5.3\\out\\server\\src\\server.js:7:8527)","timestamp":"2025-10-11T08:01:02.432Z"}
{"level":"error","message":"âœ˜ Completions for node Send ([43:5, 43:30] - test.wtest) failed: Error: [Send]{dc0e4f} at test.wtest:43 exhausted all cases without a match [Send]{dc0e4f} at test.wtest:43 exhausted all cases without a match","stack":"Error: [Send]{dc0e4f} at test.wtest:43 exhausted all cases without a match\n    at c:\\Users\\Feche\\.vscode\\extensions\\uqbar.wollok-lsp-ide-0.5.3\\out\\server\\src\\server.js:38:6142\n    at D2 (c:\\Users\\Feche\\.vscode\\extensions\\uqbar.wollok-lsp-ide-0.5.3\\out\\server\\src\\server.js:2384:42)\n    at Qh (c:\\Users\\Feche\\.vscode\\extensions\\uqbar.wollok-lsp-ide-0.5.3\\out\\server\\src\\server.js:2384:1092)\n    at k6n (c:\\Users\\Feche\\.vscode\\extensions\\uqbar.wollok-lsp-ide-0.5.3\\out\\server\\src\\server.js:2384:1248)\n    at c:\\Users\\Feche\\.vscode\\extensions\\uqbar.wollok-lsp-ide-0.5.3\\out\\server\\src\\server.js:38:6131\n    at D2 (c:\\Users\\Feche\\.vscode\\extensions\\uqbar.wollok-lsp-ide-0.5.3\\out\\server\\src\\server.js:2384:42)\n    at c:\\Users\\Feche\\.vscode\\extensions\\uqbar.wollok-lsp-ide-0.5.3\\out\\server\\src\\server.js:2384:2988\n    at c:\\Users\\Feche\\.vscode\\extensions\\uqbar.wollok-lsp-ide-0.5.3\\out\\server\\src\\server.js:2393:8440\n    at c:\\Users\\Feche\\.vscode\\extensions\\uqbar.wollok-lsp-ide-0.5.3\\out\\server\\src\\server.js:37:74872\n    at Ye (c:\\Users\\Feche\\.vscode\\extensions\\uqbar.wollok-lsp-ide-0.5.3\\out\\server\\src\\server.js:7:8527)","timestamp":"2025-10-11T08:01:02.774Z"}
{"level":"error","message":"âœ˜ Completions for node Send ([43:5, 43:32] - test.wtest) failed: Error: [Send]{d17454} at test.wtest:43 exhausted all cases without a match [Send]{d17454} at test.wtest:43 exhausted all cases without a match","stack":"Error: [Send]{d17454} at test.wtest:43 exhausted all cases without a match\n    at c:\\Users\\Feche\\.vscode\\extensions\\uqbar.wollok-lsp-ide-0.5.3\\out\\server\\src\\server.js:38:6142\n    at D2 (c:\\Users\\Feche\\.vscode\\extensions\\uqbar.wollok-lsp-ide-0.5.3\\out\\server\\src\\server.js:2384:42)\n    at Qh (c:\\Users\\Feche\\.vscode\\extensions\\uqbar.wollok-lsp-ide-0.5.3\\out\\server\\src\\server.js:2384:1092)\n    at k6n (c:\\Users\\Feche\\.vscode\\extensions\\uqbar.wollok-lsp-ide-0.5.3\\out\\server\\src\\server.js:2384:1248)\n    at c:\\Users\\Feche\\.vscode\\extensions\\uqbar.wollok-lsp-ide-0.5.3\\out\\server\\src\\server.js:38:6131\n    at D2 (c:\\Users\\Feche\\.vscode\\extensions\\uqbar.wollok-lsp-ide-0.5.3\\out\\server\\src\\server.js:2384:42)\n    at c:\\Users\\Feche\\.vscode\\extensions\\uqbar.wollok-lsp-ide-0.5.3\\out\\server\\src\\server.js:2384:2988\n    at c:\\Users\\Feche\\.vscode\\extensions\\uqbar.wollok-lsp-ide-0.5.3\\out\\server\\src\\server.js:2393:8440\n    at c:\\Users\\Feche\\.vscode\\extensions\\uqbar.wollok-lsp-ide-0.5.3\\out\\server\\src\\server.js:37:74872\n    at Ye (c:\\Users\\Feche\\.vscode\\extensions\\uqbar.wollok-lsp-ide-0.5.3\\out\\server\\src\\server.js:7:8527)","timestamp":"2025-10-11T08:01:03.135Z"}
{"level":"info","message":"âŒ› Building environment","timeElapsed":127,"timestamp":"2025-10-11T08:01:03.363Z"}
{"level":"error","message":"âœ˜ Completions for node Send ([43:5, 43:34] - test.wtest) failed: Error: [Send]{764fb5} at test.wtest:43 exhausted all cases without a match [Send]{764fb5} at test.wtest:43 exhausted all cases without a match","stack":"Error: [Send]{764fb5} at test.wtest:43 exhausted all cases without a match\n    at c:\\Users\\Feche\\.vscode\\extensions\\uqbar.wollok-lsp-ide-0.5.3\\out\\server\\src\\server.js:38:6142\n    at D2 (c:\\Users\\Feche\\.vscode\\extensions\\uqbar.wollok-lsp-ide-0.5.3\\out\\server\\src\\server.js:2384:42)\n    at Qh (c:\\Users\\Feche\\.vscode\\extensions\\uqbar.wollok-lsp-ide-0.5.3\\out\\server\\src\\server.js:2384:1092)\n    at k6n (c:\\Users\\Feche\\.vscode\\extensions\\uqbar.wollok-lsp-ide-0.5.3\\out\\server\\src\\server.js:2384:1248)\n    at c:\\Users\\Feche\\.vscode\\extensions\\uqbar.wollok-lsp-ide-0.5.3\\out\\server\\src\\server.js:38:6131\n    at D2 (c:\\Users\\Feche\\.vscode\\extensions\\uqbar.wollok-lsp-ide-0.5.3\\out\\server\\src\\server.js:2384:42)\n    at c:\\Users\\Feche\\.vscode\\extensions\\uqbar.wollok-lsp-ide-0.5.3\\out\\server\\src\\server.js:2384:2988\n    at c:\\Users\\Feche\\.vscode\\extensions\\uqbar.wollok-lsp-ide-0.5.3\\out\\server\\src\\server.js:2393:8440\n    at c:\\Users\\Feche\\.vscode\\extensions\\uqbar.wollok-lsp-ide-0.5.3\\out\\server\\src\\server.js:37:74872\n    at Ye (c:\\Users\\Feche\\.vscode\\extensions\\uqbar.wollok-lsp-ide-0.5.3\\out\\server\\src\\server.js:7:8527)","timestamp":"2025-10-11T08:01:03.480Z"}
{"level":"info","message":"âŒ› Validating test.wtest","timeElapsed":109,"timestamp":"2025-10-11T08:01:03.592Z"}
{"level":"info","message":"âŒ› Validating test.wtest","timeElapsed":101,"timestamp":"2025-10-11T08:01:03.765Z"}
{"level":"error","message":"âœ˜ Completions for node Send ([43:5, 43:36] - test.wtest) failed: Error: [Send]{6e644b} at test.wtest:43 exhausted all cases without a match [Send]{6e644b} at test.wtest:43 exhausted all cases without a match","stack":"Error: [Send]{6e644b} at test.wtest:43 exhausted all cases without a match\n    at c:\\Users\\Feche\\.vscode\\extensions\\uqbar.wollok-lsp-ide-0.5.3\\out\\server\\src\\server.js:38:6142\n    at D2 (c:\\Users\\Feche\\.vscode\\extensions\\uqbar.wollok-lsp-ide-0.5.3\\out\\server\\src\\server.js:2384:42)\n    at Qh (c:\\Users\\Feche\\.vscode\\extensions\\uqbar.wollok-lsp-ide-0.5.3\\out\\server\\src\\server.js:2384:1092)\n    at k6n (c:\\Users\\Feche\\.vscode\\extensions\\uqbar.wollok-lsp-ide-0.5.3\\out\\server\\src\\server.js:2384:1248)\n    at c:\\Users\\Feche\\.vscode\\extensions\\uqbar.wollok-lsp-ide-0.5.3\\out\\server\\src\\server.js:38:6131\n    at D2 (c:\\Users\\Feche\\.vscode\\extensions\\uqbar.wollok-lsp-ide-0.5.3\\out\\server\\src\\server.js:2384:42)\n    at c:\\Users\\Feche\\.vscode\\extensions\\uqbar.wollok-lsp-ide-0.5.3\\out\\server\\src\\server.js:2384:2988\n    at c:\\Users\\Feche\\.vscode\\extensions\\uqbar.wollok-lsp-ide-0.5.3\\out\\server\\src\\server.js:2393:8440\n    at c:\\Users\\Feche\\.vscode\\extensions\\uqbar.wollok-lsp-ide-0.5.3\\out\\server\\src\\server.js:37:74872\n    at Ye (c:\\Users\\Feche\\.vscode\\extensions\\uqbar.wollok-lsp-ide-0.5.3\\out\\server\\src\\server.js:7:8527)","timestamp":"2025-10-11T08:01:03.849Z"}
{"level":"error","message":"âœ˜ Completions for node Send ([43:5, 43:39] - test.wtest) failed: Error: [Send]{3c47a8} at test.wtest:43 exhausted all cases without a match [Send]{3c47a8} at test.wtest:43 exhausted all cases without a match","stack":"Error: [Send]{3c47a8} at test.wtest:43 exhausted all cases without a match\n    at c:\\Users\\Feche\\.vscode\\extensions\\uqbar.wollok-lsp-ide-0.5.3\\out\\server\\src\\server.js:38:6142\n    at D2 (c:\\Users\\Feche\\.vscode\\extensions\\uqbar.wollok-lsp-ide-0.5.3\\out\\server\\src\\server.js:2384:42)\n    at Qh (c:\\Users\\Feche\\.vscode\\extensions\\uqbar.wollok-lsp-ide-0.5.3\\out\\server\\src\\server.js:2384:1092)\n    at k6n (c:\\Users\\Feche\\.vscode\\extensions\\uqbar.wollok-lsp-ide-0.5.3\\out\\server\\src\\server.js:2384:1248)\n    at c:\\Users\\Feche\\.vscode\\extensions\\uqbar.wollok-lsp-ide-0.5.3\\out\\server\\src\\server.js:38:6131\n    at D2 (c:\\Users\\Feche\\.vscode\\extensions\\uqbar.wollok-lsp-ide-0.5.3\\out\\server\\src\\server.js:2384:42)\n    at c:\\Users\\Feche\\.vscode\\extensions\\uqbar.wollok-lsp-ide-0.5.3\\out\\server\\src\\server.js:2384:2988\n    at c:\\Users\\Feche\\.vscode\\extensions\\uqbar.wollok-lsp-ide-0.5.3\\out\\server\\src\\server.js:2393:8440\n    at c:\\Users\\Feche\\.vscode\\extensions\\uqbar.wollok-lsp-ide-0.5.3\\out\\server\\src\\server.js:37:74872\n    at Ye (c:\\Users\\Feche\\.vscode\\extensions\\uqbar.wollok-lsp-ide-0.5.3\\out\\server\\src\\server.js:7:8527)","timestamp":"2025-10-11T08:01:04.265Z"}
{"level":"error","message":"âœ˜ Completions for node Send ([43:17, 43:42] - test.wtest) failed: Error: [Send]{39983a} at test.wtest:43 exhausted all cases without a match [Send]{39983a} at test.wtest:43 exhausted all cases without a match","stack":"Error: [Send]{39983a} at test.wtest:43 exhausted all cases without a match\n    at c:\\Users\\Feche\\.vscode\\extensions\\uqbar.wollok-lsp-ide-0.5.3\\out\\server\\src\\server.js:38:6142\n    at D2 (c:\\Users\\Feche\\.vscode\\extensions\\uqbar.wollok-lsp-ide-0.5.3\\out\\server\\src\\server.js:2384:42)\n    at Qh (c:\\Users\\Feche\\.vscode\\extensions\\uqbar.wollok-lsp-ide-0.5.3\\out\\server\\src\\server.js:2384:1092)\n    at k6n (c:\\Users\\Feche\\.vscode\\extensions\\uqbar.wollok-lsp-ide-0.5.3\\out\\server\\src\\server.js:2384:1248)\n    at c:\\Users\\Feche\\.vscode\\extensions\\uqbar.wollok-lsp-ide-0.5.3\\out\\server\\src\\server.js:38:6131\n    at D2 (c:\\Users\\Feche\\.vscode\\extensions\\uqbar.wollok-lsp-ide-0.5.3\\out\\server\\src\\server.js:2384:42)\n    at c:\\Users\\Feche\\.vscode\\extensions\\uqbar.wollok-lsp-ide-0.5.3\\out\\server\\src\\server.js:2384:2988\n    at c:\\Users\\Feche\\.vscode\\extensions\\uqbar.wollok-lsp-ide-0.5.3\\out\\server\\src\\server.js:2393:8440\n    at c:\\Users\\Feche\\.vscode\\extensions\\uqbar.wollok-lsp-ide-0.5.3\\out\\server\\src\\server.js:37:74872\n    at Ye (c:\\Users\\Feche\\.vscode\\extensions\\uqbar.wollok-lsp-ide-0.5.3\\out\\server\\src\\server.js:7:8527)","timestamp":"2025-10-11T08:01:06.359Z"}
{"level":"error","message":"âœ˜ Completions for node Send ([43:5, 43:43] - test.wtest) failed: Error: [Send]{6f6bea} at test.wtest:43 exhausted all cases without a match [Send]{6f6bea} at test.wtest:43 exhausted all cases without a match","stack":"Error: [Send]{6f6bea} at test.wtest:43 exhausted all cases without a match\n    at c:\\Users\\Feche\\.vscode\\extensions\\uqbar.wollok-lsp-ide-0.5.3\\out\\server\\src\\server.js:38:6142\n    at D2 (c:\\Users\\Feche\\.vscode\\extensions\\uqbar.wollok-lsp-ide-0.5.3\\out\\server\\src\\server.js:2384:42)\n    at Qh (c:\\Users\\Feche\\.vscode\\extensions\\uqbar.wollok-lsp-ide-0.5.3\\out\\server\\src\\server.js:2384:1092)\n    at D2 (c:\\Users\\Feche\\.vscode\\extensions\\uqbar.wollok-lsp-ide-0.5.3\\out\\server\\src\\server.js:2384:544)\n    at Qh (c:\\Users\\Feche\\.vscode\\extensions\\uqbar.wollok-lsp-ide-0.5.3\\out\\server\\src\\server.js:2384:1092)\n    at k6n (c:\\Users\\Feche\\.vscode\\extensions\\uqbar.wollok-lsp-ide-0.5.3\\out\\server\\src\\server.js:2384:1248)\n    at c:\\Users\\Feche\\.vscode\\extensions\\uqbar.wollok-lsp-ide-0.5.3\\out\\server\\src\\server.js:38:6131\n    at D2 (c:\\Users\\Feche\\.vscode\\extensions\\uqbar.wollok-lsp-ide-0.5.3\\out\\server\\src\\server.js:2384:42)\n    at c:\\Users\\Feche\\.vscode\\extensions\\uqbar.wollok-lsp-ide-0.5.3\\out\\server\\src\\server.js:2384:2988\n    at c:\\Users\\Feche\\.vscode\\extensions\\uqbar.wollok-lsp-ide-0.5.3\\out\\server\\src\\server.js:2393:8440","timestamp":"2025-10-11T08:01:06.359Z"}
{"level":"info","message":"âŒ› Building environment","timeElapsed":116,"timestamp":"2025-10-11T08:01:07.128Z"}
{"level":"info","message":"âŒ› Validating test.wtest","timeElapsed":135,"timestamp":"2025-10-11T08:01:07.613Z"}
{"level":"error","message":"âœ˜ Completions for node Send ([43:17, 43:48] - test.wtest) failed: Error: [Send]{9eb508} at test.wtest:43 exhausted all cases without a match [Send]{9eb508} at test.wtest:43 exhausted all cases without a match","stack":"Error: [Send]{9eb508} at test.wtest:43 exhausted all cases without a match\n    at c:\\Users\\Feche\\.vscode\\extensions\\uqbar.wollok-lsp-ide-0.5.3\\out\\server\\src\\server.js:38:6142\n    at D2 (c:\\Users\\Feche\\.vscode\\extensions\\uqbar.wollok-lsp-ide-0.5.3\\out\\server\\src\\server.js:2384:42)\n    at Qh (c:\\Users\\Feche\\.vscode\\extensions\\uqbar.wollok-lsp-ide-0.5.3\\out\\server\\src\\server.js:2384:1092)\n    at k6n (c:\\Users\\Feche\\.vscode\\extensions\\uqbar.wollok-lsp-ide-0.5.3\\out\\server\\src\\server.js:2384:1248)\n    at c:\\Users\\Feche\\.vscode\\extensions\\uqbar.wollok-lsp-ide-0.5.3\\out\\server\\src\\server.js:38:6131\n    at D2 (c:\\Users\\Feche\\.vscode\\extensions\\uqbar.wollok-lsp-ide-0.5.3\\out\\server\\src\\server.js:2384:42)\n    at c:\\Users\\Feche\\.vscode\\extensions\\uqbar.wollok-lsp-ide-0.5.3\\out\\server\\src\\server.js:2384:2988\n    at c:\\Users\\Feche\\.vscode\\extensions\\uqbar.wollok-lsp-ide-0.5.3\\out\\server\\src\\server.js:2393:8440\n    at c:\\Users\\Feche\\.vscode\\extensions\\uqbar.wollok-lsp-ide-0.5.3\\out\\server\\src\\server.js:37:74872\n    at Ye (c:\\Users\\Feche\\.vscode\\extensions\\uqbar.wollok-lsp-ide-0.5.3\\out\\server\\src\\server.js:7:8527)","timestamp":"2025-10-11T08:01:07.722Z"}
{"level":"error","message":"âœ˜ Completions for node Send ([43:5, 43:49] - test.wtest) failed: Error: [Send]{e0ea9a} at test.wtest:43 exhausted all cases without a match [Send]{e0ea9a} at test.wtest:43 exhausted all cases without a match","stack":"Error: [Send]{e0ea9a} at test.wtest:43 exhausted all cases without a match\n    at c:\\Users\\Feche\\.vscode\\extensions\\uqbar.wollok-lsp-ide-0.5.3\\out\\server\\src\\server.js:38:6142\n    at D2 (c:\\Users\\Feche\\.vscode\\extensions\\uqbar.wollok-lsp-ide-0.5.3\\out\\server\\src\\server.js:2384:42)\n    at Qh (c:\\Users\\Feche\\.vscode\\extensions\\uqbar.wollok-lsp-ide-0.5.3\\out\\server\\src\\server.js:2384:1092)\n    at D2 (c:\\Users\\Feche\\.vscode\\extensions\\uqbar.wollok-lsp-ide-0.5.3\\out\\server\\src\\server.js:2384:544)\n    at Qh (c:\\Users\\Feche\\.vscode\\extensions\\uqbar.wollok-lsp-ide-0.5.3\\out\\server\\src\\server.js:2384:1092)\n    at k6n (c:\\Users\\Feche\\.vscode\\extensions\\uqbar.wollok-lsp-ide-0.5.3\\out\\server\\src\\server.js:2384:1248)\n    at c:\\Users\\Feche\\.vscode\\extensions\\uqbar.wollok-lsp-ide-0.5.3\\out\\server\\src\\server.js:38:6131\n    at D2 (c:\\Users\\Feche\\.vscode\\extensions\\uqbar.wollok-lsp-ide-0.5.3\\out\\server\\src\\server.js:2384:42)\n    at c:\\Users\\Feche\\.vscode\\extensions\\uqbar.wollok-lsp-ide-0.5.3\\out\\server\\src\\server.js:2384:2988\n    at c:\\Users\\Feche\\.vscode\\extensions\\uqbar.wollok-lsp-ide-0.5.3\\out\\server\\src\\server.js:2393:8440","timestamp":"2025-10-11T08:01:07.722Z"}
{"level":"error","message":"âœ˜ Completions for node Send ([43:17, 43:49] - test.wtest) failed: Error: [Send]{b98116} at test.wtest:43 exhausted all cases without a match [Send]{b98116} at test.wtest:43 exhausted all cases without a match","stack":"Error: [Send]{b98116} at test.wtest:43 exhausted all cases without a match\n    at c:\\Users\\Feche\\.vscode\\extensions\\uqbar.wollok-lsp-ide-0.5.3\\out\\server\\src\\server.js:38:6142\n    at D2 (c:\\Users\\Feche\\.vscode\\extensions\\uqbar.wollok-lsp-ide-0.5.3\\out\\server\\src\\server.js:2384:42)\n    at Qh (c:\\Users\\Feche\\.vscode\\extensions\\uqbar.wollok-lsp-ide-0.5.3\\out\\server\\src\\server.js:2384:1092)\n    at k6n (c:\\Users\\Feche\\.vscode\\extensions\\uqbar.wollok-lsp-ide-0.5.3\\out\\server\\src\\server.js:2384:1248)\n    at c:\\Users\\Feche\\.vscode\\extensions\\uqbar.wollok-lsp-ide-0.5.3\\out\\server\\src\\server.js:38:6131\n    at D2 (c:\\Users\\Feche\\.vscode\\extensions\\uqbar.wollok-lsp-ide-0.5.3\\out\\server\\src\\server.js:2384:42)\n    at c:\\Users\\Feche\\.vscode\\extensions\\uqbar.wollok-lsp-ide-0.5.3\\out\\server\\src\\server.js:2384:2988\n    at c:\\Users\\Feche\\.vscode\\extensions\\uqbar.wollok-lsp-ide-0.5.3\\out\\server\\src\\server.js:2393:8440\n    at c:\\Users\\Feche\\.vscode\\extensions\\uqbar.wollok-lsp-ide-0.5.3\\out\\server\\src\\server.js:37:74872\n    at Ye (c:\\Users\\Feche\\.vscode\\extensions\\uqbar.wollok-lsp-ide-0.5.3\\out\\server\\src\\server.js:7:8527)","timestamp":"2025-10-11T08:01:08.154Z"}
{"level":"error","message":"âœ˜ Completions for node Send ([43:5, 43:50] - test.wtest) failed: Error: [Send]{50acda} at test.wtest:43 exhausted all cases without a match [Send]{50acda} at test.wtest:43 exhausted all cases without a match","stack":"Error: [Send]{50acda} at test.wtest:43 exhausted all cases without a match\n    at c:\\Users\\Feche\\.vscode\\extensions\\uqbar.wollok-lsp-ide-0.5.3\\out\\server\\src\\server.js:38:6142\n    at D2 (c:\\Users\\Feche\\.vscode\\extensions\\uqbar.wollok-lsp-ide-0.5.3\\out\\server\\src\\server.js:2384:42)\n    at Qh (c:\\Users\\Feche\\.vscode\\extensions\\uqbar.wollok-lsp-ide-0.5.3\\out\\server\\src\\server.js:2384:1092)\n    at D2 (c:\\Users\\Feche\\.vscode\\extensions\\uqbar.wollok-lsp-ide-0.5.3\\out\\server\\src\\server.js:2384:544)\n    at Qh (c:\\Users\\Feche\\.vscode\\extensions\\uqbar.wollok-lsp-ide-0.5.3\\out\\server\\src\\server.js:2384:1092)\n    at k6n (c:\\Users\\Feche\\.vscode\\extensions\\uqbar.wollok-lsp-ide-0.5.3\\out\\server\\src\\server.js:2384:1248)\n    at c:\\Users\\Feche\\.vscode\\extensions\\uqbar.wollok-lsp-ide-0.5.3\\out\\server\\src\\server.js:38:6131\n    at D2 (c:\\Users\\Feche\\.vscode\\extensions\\uqbar.wollok-lsp-ide-0.5.3\\out\\server\\src\\server.js:2384:42)\n    at c:\\Users\\Feche\\.vscode\\extensions\\uqbar.wollok-lsp-ide-0.5.3\\out\\server\\src\\server.js:2384:2988\n    at c:\\Users\\Feche\\.vscode\\extensions\\uqbar.wollok-lsp-ide-0.5.3\\out\\server\\src\\server.js:2393:8440","timestamp":"2025-10-11T08:01:08.154Z"}
{"level":"info","message":"ðŸ§ª Test runner executed on c:\\Users\\Feche\\Documents\\UNQ\\PROGRAMACION CON OBJETOS 1\\REPOS\\2025s2c4-materiasts-NicoAGulo","result":{"errored":0,"failed":0,"ok":1},"testsFailed":[],"timeElapsed":434,"timestamp":"2025-10-11T08:01:13.520Z"}
{"level":"info","message":"âŒ› Validating test.wtest","timeElapsed":115,"timestamp":"2025-10-11T08:01:21.541Z"}
{"level":"info","message":"âŒ› Validating test.wtest","timeElapsed":103,"timestamp":"2025-10-11T08:01:55.696Z"}
{"level":"info","message":"âŒ› Building environment","timeElapsed":109,"timestamp":"2025-10-11T08:01:58.630Z"}
{"level":"info","message":"âŒ› Building environment","timeElapsed":110,"timestamp":"2025-10-11T08:01:58.838Z"}
{"level":"info","message":"âŒ› Building environment","timeElapsed":107,"timestamp":"2025-10-11T08:02:00.610Z"}
{"level":"info","message":"âŒ› Validating test.wtest","timeElapsed":103,"timestamp":"2025-10-11T08:02:00.787Z"}
{"level":"info","message":"âŒ› Validating test.wtest","timeElapsed":103,"timestamp":"2025-10-11T08:02:03.687Z"}
{"level":"info","message":"âŒ› Validating test.wtest","timeElapsed":103,"timestamp":"2025-10-11T08:02:05.427Z"}
{"level":"error","message":"âœ˜ Completions for node Send ([46:5, 46:51] - test.wtest) failed: Error: [Send]{1976bd} at test.wtest:46 exhausted all cases without a match [Send]{1976bd} at test.wtest:46 exhausted all cases without a match","stack":"Error: [Send]{1976bd} at test.wtest:46 exhausted all cases without a match\n    at c:\\Users\\Feche\\.vscode\\extensions\\uqbar.wollok-lsp-ide-0.5.3\\out\\server\\src\\server.js:38:6142\n    at D2 (c:\\Users\\Feche\\.vscode\\extensions\\uqbar.wollok-lsp-ide-0.5.3\\out\\server\\src\\server.js:2384:42)\n    at c:\\Users\\Feche\\.vscode\\extensions\\uqbar.wollok-lsp-ide-0.5.3\\out\\server\\src\\server.js:2384:2988\n    at c:\\Users\\Feche\\.vscode\\extensions\\uqbar.wollok-lsp-ide-0.5.3\\out\\server\\src\\server.js:2393:8440\n    at c:\\Users\\Feche\\.vscode\\extensions\\uqbar.wollok-lsp-ide-0.5.3\\out\\server\\src\\server.js:37:74872\n    at Ye (c:\\Users\\Feche\\.vscode\\extensions\\uqbar.wollok-lsp-ide-0.5.3\\out\\server\\src\\server.js:7:8527)\n    at qt (c:\\Users\\Feche\\.vscode\\extensions\\uqbar.wollok-lsp-ide-0.5.3\\out\\server\\src\\server.js:7:6189)\n    at ot (c:\\Users\\Feche\\.vscode\\extensions\\uqbar.wollok-lsp-ide-0.5.3\\out\\server\\src\\server.js:7:6378)\n    at Immediate._onImmediate (c:\\Users\\Feche\\.vscode\\extensions\\uqbar.wollok-lsp-ide-0.5.3\\out\\server\\src\\server.js:7:6142)\n    at process.processImmediate (node:internal/timers:485:21)","timestamp":"2025-10-11T08:02:31.370Z"}
{"level":"info","message":"âŒ› Validating test.wtest","timeElapsed":106,"timestamp":"2025-10-11T08:02:31.898Z"}
{"level":"error","message":"âœ˜ Completions for node Send ([46:5, 46:51] - test.wtest) failed: Error: [Send]{54daf7} at test.wtest:46 exhausted all cases without a match [Send]{54daf7} at test.wtest:46 exhausted all cases without a match","stack":"Error: [Send]{54daf7} at test.wtest:46 exhausted all cases without a match\n    at c:\\Users\\Feche\\.vscode\\extensions\\uqbar.wollok-lsp-ide-0.5.3\\out\\server\\src\\server.js:38:6142\n    at D2 (c:\\Users\\Feche\\.vscode\\extensions\\uqbar.wollok-lsp-ide-0.5.3\\out\\server\\src\\server.js:2384:42)\n    at c:\\Users\\Feche\\.vscode\\extensions\\uqbar.wollok-lsp-ide-0.5.3\\out\\server\\src\\server.js:2384:2988\n    at c:\\Users\\Feche\\.vscode\\extensions\\uqbar.wollok-lsp-ide-0.5.3\\out\\server\\src\\server.js:2393:8440\n    at c:\\Users\\Feche\\.vscode\\extensions\\uqbar.wollok-lsp-ide-0.5.3\\out\\server\\src\\server.js:37:74872\n    at Ye (c:\\Users\\Feche\\.vscode\\extensions\\uqbar.wollok-lsp-ide-0.5.3\\out\\server\\src\\server.js:7:8527)\n    at qt (c:\\Users\\Feche\\.vscode\\extensions\\uqbar.wollok-lsp-ide-0.5.3\\out\\server\\src\\server.js:7:6189)\n    at ot (c:\\Users\\Feche\\.vscode\\extensions\\uqbar.wollok-lsp-ide-0.5.3\\out\\server\\src\\server.js:7:6378)\n    at Immediate._onImmediate (c:\\Users\\Feche\\.vscode\\extensions\\uqbar.wollok-lsp-ide-0.5.3\\out\\server\\src\\server.js:7:6142)\n    at process.processImmediate (node:internal/timers:485:21)","timestamp":"2025-10-11T08:02:33.152Z"}
{"level":"info","message":"âŒ› Validating test.wtest","timeElapsed":111,"timestamp":"2025-10-11T08:02:39.479Z"}
{"level":"error","message":"âœ˜ Completions for node Send ([46:5, 46:51] - test.wtest) failed: Error: [Send]{b3662f} at test.wtest:46 exhausted all cases without a match [Send]{b3662f} at test.wtest:46 exhausted all cases without a match","stack":"Error: [Send]{b3662f} at test.wtest:46 exhausted all cases without a match\n    at c:\\Users\\Feche\\.vscode\\extensions\\uqbar.wollok-lsp-ide-0.5.3\\out\\server\\src\\server.js:38:6142\n    at D2 (c:\\Users\\Feche\\.vscode\\extensions\\uqbar.wollok-lsp-ide-0.5.3\\out\\server\\src\\server.js:2384:42)\n    at c:\\Users\\Feche\\.vscode\\extensions\\uqbar.wollok-lsp-ide-0.5.3\\out\\server\\src\\server.js:2384:2988\n    at c:\\Users\\Feche\\.vscode\\extensions\\uqbar.wollok-lsp-ide-0.5.3\\out\\server\\src\\server.js:2393:8440\n    at c:\\Users\\Feche\\.vscode\\extensions\\uqbar.wollok-lsp-ide-0.5.3\\out\\server\\src\\server.js:37:74872\n    at Ye (c:\\Users\\Feche\\.vscode\\extensions\\uqbar.wollok-lsp-ide-0.5.3\\out\\server\\src\\server.js:7:8527)\n    at qt (c:\\Users\\Feche\\.vscode\\extensions\\uqbar.wollok-lsp-ide-0.5.3\\out\\server\\src\\server.js:7:6189)\n    at ot (c:\\Users\\Feche\\.vscode\\extensions\\uqbar.wollok-lsp-ide-0.5.3\\out\\server\\src\\server.js:7:6378)\n    at Immediate._onImmediate (c:\\Users\\Feche\\.vscode\\extensions\\uqbar.wollok-lsp-ide-0.5.3\\out\\server\\src\\server.js:7:6142)\n    at process.processImmediate (node:internal/timers:485:21)","timestamp":"2025-10-11T08:02:41.454Z"}
{"level":"error","message":"âœ˜ Completions for node Send ([46:5, 46:52] - test.wtest) failed: Error: [Send]{f2f1d9} at test.wtest:46 exhausted all cases without a match [Send]{f2f1d9} at test.wtest:46 exhausted all cases without a match","stack":"Error: [Send]{f2f1d9} at test.wtest:46 exhausted all cases without a match\n    at c:\\Users\\Feche\\.vscode\\extensions\\uqbar.wollok-lsp-ide-0.5.3\\out\\server\\src\\server.js:38:6142\n    at D2 (c:\\Users\\Feche\\.vscode\\extensions\\uqbar.wollok-lsp-ide-0.5.3\\out\\server\\src\\server.js:2384:42)\n    at c:\\Users\\Feche\\.vscode\\extensions\\uqbar.wollok-lsp-ide-0.5.3\\out\\server\\src\\server.js:2384:2988\n    at c:\\Users\\Feche\\.vscode\\extensions\\uqbar.wollok-lsp-ide-0.5.3\\out\\server\\src\\server.js:2393:8440\n    at c:\\Users\\Feche\\.vscode\\extensions\\uqbar.wollok-lsp-ide-0.5.3\\out\\server\\src\\server.js:37:74872\n    at Ye (c:\\Users\\Feche\\.vscode\\extensions\\uqbar.wollok-lsp-ide-0.5.3\\out\\server\\src\\server.js:7:8527)\n    at qt (c:\\Users\\Feche\\.vscode\\extensions\\uqbar.wollok-lsp-ide-0.5.3\\out\\server\\src\\server.js:7:6189)\n    at ot (c:\\Users\\Feche\\.vscode\\extensions\\uqbar.wollok-lsp-ide-0.5.3\\out\\server\\src\\server.js:7:6378)\n    at Immediate._onImmediate (c:\\Users\\Feche\\.vscode\\extensions\\uqbar.wollok-lsp-ide-0.5.3\\out\\server\\src\\server.js:7:6142)\n    at process.processImmediate (node:internal/timers:485:21)","timestamp":"2025-10-11T08:02:41.683Z"}
{"level":"info","message":"âŒ› Validating test.wtest","timeElapsed":111,"timestamp":"2025-10-11T08:02:41.797Z"}
{"level":"info","message":"âŒ› Validating test.wtest","timeElapsed":101,"timestamp":"2025-10-11T08:02:42.806Z"}
{"level":"error","message":"âœ˜ Completions for node Send ([46:5, 46:47] - test.wtest) failed: Error: [Send]{3cfd51} at test.wtest:46 exhausted all cases without a match [Send]{3cfd51} at test.wtest:46 exhausted all cases without a match","stack":"Error: [Send]{3cfd51} at test.wtest:46 exhausted all cases without a match\n    at c:\\Users\\Feche\\.vscode\\extensions\\uqbar.wollok-lsp-ide-0.5.3\\out\\server\\src\\server.js:38:6142\n    at D2 (c:\\Users\\Feche\\.vscode\\extensions\\uqbar.wollok-lsp-ide-0.5.3\\out\\server\\src\\server.js:2384:42)\n    at c:\\Users\\Feche\\.vscode\\extensions\\uqbar.wollok-lsp-ide-0.5.3\\out\\server\\src\\server.js:2384:2988\n    at c:\\Users\\Feche\\.vscode\\extensions\\uqbar.wollok-lsp-ide-0.5.3\\out\\server\\src\\server.js:2393:8440\n    at c:\\Users\\Feche\\.vscode\\extensions\\uqbar.wollok-lsp-ide-0.5.3\\out\\server\\src\\server.js:37:74872\n    at Ye (c:\\Users\\Feche\\.vscode\\extensions\\uqbar.wollok-lsp-ide-0.5.3\\out\\server\\src\\server.js:7:8527)\n    at qt (c:\\Users\\Feche\\.vscode\\extensions\\uqbar.wollok-lsp-ide-0.5.3\\out\\server\\src\\server.js:7:6189)\n    at ot (c:\\Users\\Feche\\.vscode\\extensions\\uqbar.wollok-lsp-ide-0.5.3\\out\\server\\src\\server.js:7:6378)\n    at Immediate._onImmediate (c:\\Users\\Feche\\.vscode\\extensions\\uqbar.wollok-lsp-ide-0.5.3\\out\\server\\src\\server.js:7:6142)\n    at process.processImmediate (node:internal/timers:485:21)","timestamp":"2025-10-11T08:02:43.008Z"}
{"level":"info","message":"âŒ› Validating test.wtest","timeElapsed":110,"timestamp":"2025-10-11T08:02:43.511Z"}
{"level":"error","message":"âœ˜ Completions for node Send ([46:5, 46:47] - test.wtest) failed: Error: [Send]{23160e} at test.wtest:46 exhausted all cases without a match [Send]{23160e} at test.wtest:46 exhausted all cases without a match","stack":"Error: [Send]{23160e} at test.wtest:46 exhausted all cases without a match\n    at c:\\Users\\Feche\\.vscode\\extensions\\uqbar.wollok-lsp-ide-0.5.3\\out\\server\\src\\server.js:38:6142\n    at D2 (c:\\Users\\Feche\\.vscode\\extensions\\uqbar.wollok-lsp-ide-0.5.3\\out\\server\\src\\server.js:2384:42)\n    at c:\\Users\\Feche\\.vscode\\extensions\\uqbar.wollok-lsp-ide-0.5.3\\out\\server\\src\\server.js:2384:2988\n    at c:\\Users\\Feche\\.vscode\\extensions\\uqbar.wollok-lsp-ide-0.5.3\\out\\server\\src\\server.js:2393:8440\n    at c:\\Users\\Feche\\.vscode\\extensions\\uqbar.wollok-lsp-ide-0.5.3\\out\\server\\src\\server.js:37:74872\n    at Ye (c:\\Users\\Feche\\.vscode\\extensions\\uqbar.wollok-lsp-ide-0.5.3\\out\\server\\src\\server.js:7:8527)\n    at qt (c:\\Users\\Feche\\.vscode\\extensions\\uqbar.wollok-lsp-ide-0.5.3\\out\\server\\src\\server.js:7:6189)\n    at ot (c:\\Users\\Feche\\.vscode\\extensions\\uqbar.wollok-lsp-ide-0.5.3\\out\\server\\src\\server.js:7:6378)\n    at Immediate._onImmediate (c:\\Users\\Feche\\.vscode\\extensions\\uqbar.wollok-lsp-ide-0.5.3\\out\\server\\src\\server.js:7:6142)\n    at process.processImmediate (node:internal/timers:485:21)","timestamp":"2025-10-11T08:02:43.685Z"}
{"level":"error","message":"âœ˜ Completions for node Send ([46:5, 46:47] - test.wtest) failed: Error: [Send]{c598cd} at test.wtest:46 exhausted all cases without a match [Send]{c598cd} at test.wtest:46 exhausted all cases without a match","stack":"Error: [Send]{c598cd} at test.wtest:46 exhausted all cases without a match\n    at c:\\Users\\Feche\\.vscode\\extensions\\uqbar.wollok-lsp-ide-0.5.3\\out\\server\\src\\server.js:38:6142\n    at D2 (c:\\Users\\Feche\\.vscode\\extensions\\uqbar.wollok-lsp-ide-0.5.3\\out\\server\\src\\server.js:2384:42)\n    at c:\\Users\\Feche\\.vscode\\extensions\\uqbar.wollok-lsp-ide-0.5.3\\out\\server\\src\\server.js:2384:2988\n    at c:\\Users\\Feche\\.vscode\\extensions\\uqbar.wollok-lsp-ide-0.5.3\\out\\server\\src\\server.js:2393:8440\n    at c:\\Users\\Feche\\.vscode\\extensions\\uqbar.wollok-lsp-ide-0.5.3\\out\\server\\src\\server.js:37:74872\n    at Ye (c:\\Users\\Feche\\.vscode\\extensions\\uqbar.wollok-lsp-ide-0.5.3\\out\\server\\src\\server.js:7:8527)\n    at qt (c:\\Users\\Feche\\.vscode\\extensions\\uqbar.wollok-lsp-ide-0.5.3\\out\\server\\src\\server.js:7:6189)\n    at ot (c:\\Users\\Feche\\.vscode\\extensions\\uqbar.wollok-lsp-ide-0.5.3\\out\\server\\src\\server.js:7:6378)\n    at Immediate._onImmediate (c:\\Users\\Feche\\.vscode\\extensions\\uqbar.wollok-lsp-ide-0.5.3\\out\\server\\src\\server.js:7:6142)\n    at process.processImmediate (node:internal/timers:485:21)","timestamp":"2025-10-11T08:02:44.268Z"}
{"level":"info","message":"âŒ› Validating test.wtest","timeElapsed":101,"timestamp":"2025-10-11T08:02:44.371Z"}
{"level":"error","message":"âœ˜ Completions for node Send ([46:5, 46:49] - test.wtest) failed: Error: [Send]{eb8164} at test.wtest:46 exhausted all cases without a match [Send]{eb8164} at test.wtest:46 exhausted all cases without a match","stack":"Error: [Send]{eb8164} at test.wtest:46 exhausted all cases without a match\n    at c:\\Users\\Feche\\.vscode\\extensions\\uqbar.wollok-lsp-ide-0.5.3\\out\\server\\src\\server.js:38:6142\n    at D2 (c:\\Users\\Feche\\.vscode\\extensions\\uqbar.wollok-lsp-ide-0.5.3\\out\\server\\src\\server.js:2384:42)\n    at c:\\Users\\Feche\\.vscode\\extensions\\uqbar.wollok-lsp-ide-0.5.3\\out\\server\\src\\server.js:2384:2988\n    at c:\\Users\\Feche\\.vscode\\extensions\\uqbar.wollok-lsp-ide-0.5.3\\out\\server\\src\\server.js:2393:8440\n    at c:\\Users\\Feche\\.vscode\\extensions\\uqbar.wollok-lsp-ide-0.5.3\\out\\server\\src\\server.js:37:74872\n    at Ye (c:\\Users\\Feche\\.vscode\\extensions\\uqbar.wollok-lsp-ide-0.5.3\\out\\server\\src\\server.js:7:8527)\n    at qt (c:\\Users\\Feche\\.vscode\\extensions\\uqbar.wollok-lsp-ide-0.5.3\\out\\server\\src\\server.js:7:6189)\n    at ot (c:\\Users\\Feche\\.vscode\\extensions\\uqbar.wollok-lsp-ide-0.5.3\\out\\server\\src\\server.js:7:6378)\n    at Immediate._onImmediate (c:\\Users\\Feche\\.vscode\\extensions\\uqbar.wollok-lsp-ide-0.5.3\\out\\server\\src\\server.js:7:6142)\n    at process.processImmediate (node:internal/timers:485:21)","timestamp":"2025-10-11T08:02:44.519Z"}
{"level":"error","message":"âœ˜ Completions for node Send ([46:5, 46:45] - test.wtest) failed: Error: [Send]{5a897a} at test.wtest:46 exhausted all cases without a match [Send]{5a897a} at test.wtest:46 exhausted all cases without a match","stack":"Error: [Send]{5a897a} at test.wtest:46 exhausted all cases without a match\n    at c:\\Users\\Feche\\.vscode\\extensions\\uqbar.wollok-lsp-ide-0.5.3\\out\\server\\src\\server.js:38:6142\n    at D2 (c:\\Users\\Feche\\.vscode\\extensions\\uqbar.wollok-lsp-ide-0.5.3\\out\\server\\src\\server.js:2384:42)\n    at c:\\Users\\Feche\\.vscode\\extensions\\uqbar.wollok-lsp-ide-0.5.3\\out\\server\\src\\server.js:2384:2988\n    at c:\\Users\\Feche\\.vscode\\extensions\\uqbar.wollok-lsp-ide-0.5.3\\out\\server\\src\\server.js:2393:8440\n    at c:\\Users\\Feche\\.vscode\\extensions\\uqbar.wollok-lsp-ide-0.5.3\\out\\server\\src\\server.js:37:74872\n    at Ye (c:\\Users\\Feche\\.vscode\\extensions\\uqbar.wollok-lsp-ide-0.5.3\\out\\server\\src\\server.js:7:8527)\n    at qt (c:\\Users\\Feche\\.vscode\\extensions\\uqbar.wollok-lsp-ide-0.5.3\\out\\server\\src\\server.js:7:6189)\n    at ot (c:\\Users\\Feche\\.vscode\\extensions\\uqbar.wollok-lsp-ide-0.5.3\\out\\server\\src\\server.js:7:6378)\n    at Immediate._onImmediate (c:\\Users\\Feche\\.vscode\\extensions\\uqbar.wollok-lsp-ide-0.5.3\\out\\server\\src\\server.js:7:6142)\n    at process.processImmediate (node:internal/timers:485:21)","timestamp":"2025-10-11T08:02:46.941Z"}
{"level":"info","message":"âŒ› Validating test.wtest","timeElapsed":112,"timestamp":"2025-10-11T08:02:47.056Z"}
{"level":"info","message":"âŒ› Validating test.wtest","timeElapsed":105,"timestamp":"2025-10-11T08:03:06.938Z"}
{"level":"error","message":"âœ˜ Completions for node Send ([46:20, 46:45] - test.wtest) failed: Error: [Send]{7e1c6a} at test.wtest:46 exhausted all cases without a match [Send]{7e1c6a} at test.wtest:46 exhausted all cases without a match","stack":"Error: [Send]{7e1c6a} at test.wtest:46 exhausted all cases without a match\n    at c:\\Users\\Feche\\.vscode\\extensions\\uqbar.wollok-lsp-ide-0.5.3\\out\\server\\src\\server.js:38:6142\n    at D2 (c:\\Users\\Feche\\.vscode\\extensions\\uqbar.wollok-lsp-ide-0.5.3\\out\\server\\src\\server.js:2384:42)\n    at Qh (c:\\Users\\Feche\\.vscode\\extensions\\uqbar.wollok-lsp-ide-0.5.3\\out\\server\\src\\server.js:2384:1092)\n    at k6n (c:\\Users\\Feche\\.vscode\\extensions\\uqbar.wollok-lsp-ide-0.5.3\\out\\server\\src\\server.js:2384:1248)\n    at c:\\Users\\Feche\\.vscode\\extensions\\uqbar.wollok-lsp-ide-0.5.3\\out\\server\\src\\server.js:38:6131\n    at D2 (c:\\Users\\Feche\\.vscode\\extensions\\uqbar.wollok-lsp-ide-0.5.3\\out\\server\\src\\server.js:2384:42)\n    at c:\\Users\\Feche\\.vscode\\extensions\\uqbar.wollok-lsp-ide-0.5.3\\out\\server\\src\\server.js:2384:2988\n    at c:\\Users\\Feche\\.vscode\\extensions\\uqbar.wollok-lsp-ide-0.5.3\\out\\server\\src\\server.js:2393:8440\n    at c:\\Users\\Feche\\.vscode\\extensions\\uqbar.wollok-lsp-ide-0.5.3\\out\\server\\src\\server.js:37:74872\n    at Ye (c:\\Users\\Feche\\.vscode\\extensions\\uqbar.wollok-lsp-ide-0.5.3\\out\\server\\src\\server.js:7:8527)","timestamp":"2025-10-11T08:03:08.034Z"}
{"level":"error","message":"âœ˜ Completions for node Send ([46:5, 46:46] - test.wtest) failed: Error: [Send]{1e4719} at test.wtest:46 exhausted all cases without a match [Send]{1e4719} at test.wtest:46 exhausted all cases without a match","stack":"Error: [Send]{1e4719} at test.wtest:46 exhausted all cases without a match\n    at c:\\Users\\Feche\\.vscode\\extensions\\uqbar.wollok-lsp-ide-0.5.3\\out\\server\\src\\server.js:38:6142\n    at D2 (c:\\Users\\Feche\\.vscode\\extensions\\uqbar.wollok-lsp-ide-0.5.3\\out\\server\\src\\server.js:2384:42)\n    at Qh (c:\\Users\\Feche\\.vscode\\extensions\\uqbar.wollok-lsp-ide-0.5.3\\out\\server\\src\\server.js:2384:1092)\n    at D2 (c:\\Users\\Feche\\.vscode\\extensions\\uqbar.wollok-lsp-ide-0.5.3\\out\\server\\src\\server.js:2384:544)\n    at Qh (c:\\Users\\Feche\\.vscode\\extensions\\uqbar.wollok-lsp-ide-0.5.3\\out\\server\\src\\server.js:2384:1092)\n    at k6n (c:\\Users\\Feche\\.vscode\\extensions\\uqbar.wollok-lsp-ide-0.5.3\\out\\server\\src\\server.js:2384:1248)\n    at c:\\Users\\Feche\\.vscode\\extensions\\uqbar.wollok-lsp-ide-0.5.3\\out\\server\\src\\server.js:38:6131\n    at D2 (c:\\Users\\Feche\\.vscode\\extensions\\uqbar.wollok-lsp-ide-0.5.3\\out\\server\\src\\server.js:2384:42)\n    at c:\\Users\\Feche\\.vscode\\extensions\\uqbar.wollok-lsp-ide-0.5.3\\out\\server\\src\\server.js:2384:2988\n    at c:\\Users\\Feche\\.vscode\\extensions\\uqbar.wollok-lsp-ide-0.5.3\\out\\server\\src\\server.js:2393:8440","timestamp":"2025-10-11T08:03:08.034Z"}
{"level":"info","message":"âŒ› Validating test.wtest","timeElapsed":106,"timestamp":"2025-10-11T08:03:08.150Z"}
{"level":"error","message":"âœ˜ Completions for node Send ([46:20, 46:47] - test.wtest) failed: Error: [Send]{55aeff} at test.wtest:46 exhausted all cases without a match [Send]{55aeff} at test.wtest:46 exhausted all cases without a match","stack":"Error: [Send]{55aeff} at test.wtest:46 exhausted all cases without a match\n    at c:\\Users\\Feche\\.vscode\\extensions\\uqbar.wollok-lsp-ide-0.5.3\\out\\server\\src\\server.js:38:6142\n    at D2 (c:\\Users\\Feche\\.vscode\\extensions\\uqbar.wollok-lsp-ide-0.5.3\\out\\server\\src\\server.js:2384:42)\n    at Qh (c:\\Users\\Feche\\.vscode\\extensions\\uqbar.wollok-lsp-ide-0.5.3\\out\\server\\src\\server.js:2384:1092)\n    at k6n (c:\\Users\\Feche\\.vscode\\extensions\\uqbar.wollok-lsp-ide-0.5.3\\out\\server\\src\\server.js:2384:1248)\n    at c:\\Users\\Feche\\.vscode\\extensions\\uqbar.wollok-lsp-ide-0.5.3\\out\\server\\src\\server.js:38:6131\n    at D2 (c:\\Users\\Feche\\.vscode\\extensions\\uqbar.wollok-lsp-ide-0.5.3\\out\\server\\src\\server.js:2384:42)\n    at c:\\Users\\Feche\\.vscode\\extensions\\uqbar.wollok-lsp-ide-0.5.3\\out\\server\\src\\server.js:2384:2988\n    at c:\\Users\\Feche\\.vscode\\extensions\\uqbar.wollok-lsp-ide-0.5.3\\out\\server\\src\\server.js:2393:8440\n    at c:\\Users\\Feche\\.vscode\\extensions\\uqbar.wollok-lsp-ide-0.5.3\\out\\server\\src\\server.js:37:74872\n    at Ye (c:\\Users\\Feche\\.vscode\\extensions\\uqbar.wollok-lsp-ide-0.5.3\\out\\server\\src\\server.js:7:8527)","timestamp":"2025-10-11T08:03:08.340Z"}
{"level":"error","message":"âœ˜ Completions for node Send ([46:5, 46:48] - test.wtest) failed: Error: [Send]{f850cc} at test.wtest:46 exhausted all cases without a match [Send]{f850cc} at test.wtest:46 exhausted all cases without a match","stack":"Error: [Send]{f850cc} at test.wtest:46 exhausted all cases without a match\n    at c:\\Users\\Feche\\.vscode\\extensions\\uqbar.wollok-lsp-ide-0.5.3\\out\\server\\src\\server.js:38:6142\n    at D2 (c:\\Users\\Feche\\.vscode\\extensions\\uqbar.wollok-lsp-ide-0.5.3\\out\\server\\src\\server.js:2384:42)\n    at Qh (c:\\Users\\Feche\\.vscode\\extensions\\uqbar.wollok-lsp-ide-0.5.3\\out\\server\\src\\server.js:2384:1092)\n    at D2 (c:\\Users\\Feche\\.vscode\\extensions\\uqbar.wollok-lsp-ide-0.5.3\\out\\server\\src\\server.js:2384:544)\n    at Qh (c:\\Users\\Feche\\.vscode\\extensions\\uqbar.wollok-lsp-ide-0.5.3\\out\\server\\src\\server.js:2384:1092)\n    at k6n (c:\\Users\\Feche\\.vscode\\extensions\\uqbar.wollok-lsp-ide-0.5.3\\out\\server\\src\\server.js:2384:1248)\n    at c:\\Users\\Feche\\.vscode\\extensions\\uqbar.wollok-lsp-ide-0.5.3\\out\\server\\src\\server.js:38:6131\n    at D2 (c:\\Users\\Feche\\.vscode\\extensions\\uqbar.wollok-lsp-ide-0.5.3\\out\\server\\src\\server.js:2384:42)\n    at c:\\Users\\Feche\\.vscode\\extensions\\uqbar.wollok-lsp-ide-0.5.3\\out\\server\\src\\server.js:2384:2988\n    at c:\\Users\\Feche\\.vscode\\extensions\\uqbar.wollok-lsp-ide-0.5.3\\out\\server\\src\\server.js:2393:8440","timestamp":"2025-10-11T08:03:08.341Z"}
{"level":"info","message":"âŒ› Validating test.wtest","timeElapsed":105,"timestamp":"2025-10-11T08:03:08.448Z"}
{"level":"error","message":"âœ˜ Completions for node Send ([46:20, 46:49] - test.wtest) failed: Error: [Send]{b51dd0} at test.wtest:46 exhausted all cases without a match [Send]{b51dd0} at test.wtest:46 exhausted all cases without a match","stack":"Error: [Send]{b51dd0} at test.wtest:46 exhausted all cases without a match\n    at c:\\Users\\Feche\\.vscode\\extensions\\uqbar.wollok-lsp-ide-0.5.3\\out\\server\\src\\server.js:38:6142\n    at D2 (c:\\Users\\Feche\\.vscode\\extensions\\uqbar.wollok-lsp-ide-0.5.3\\out\\server\\src\\server.js:2384:42)\n    at Qh (c:\\Users\\Feche\\.vscode\\extensions\\uqbar.wollok-lsp-ide-0.5.3\\out\\server\\src\\server.js:2384:1092)\n    at k6n (c:\\Users\\Feche\\.vscode\\extensions\\uqbar.wollok-lsp-ide-0.5.3\\out\\server\\src\\server.js:2384:1248)\n    at c:\\Users\\Feche\\.vscode\\extensions\\uqbar.wollok-lsp-ide-0.5.3\\out\\server\\src\\server.js:38:6131\n    at D2 (c:\\Users\\Feche\\.vscode\\extensions\\uqbar.wollok-lsp-ide-0.5.3\\out\\server\\src\\server.js:2384:42)\n    at c:\\Users\\Feche\\.vscode\\extensions\\uqbar.wollok-lsp-ide-0.5.3\\out\\server\\src\\server.js:2384:2988\n    at c:\\Users\\Feche\\.vscode\\extensions\\uqbar.wollok-lsp-ide-0.5.3\\out\\server\\src\\server.js:2393:8440\n    at c:\\Users\\Feche\\.vscode\\extensions\\uqbar.wollok-lsp-ide-0.5.3\\out\\server\\src\\server.js:37:74872\n    at Ye (c:\\Users\\Feche\\.vscode\\extensions\\uqbar.wollok-lsp-ide-0.5.3\\out\\server\\src\\server.js:7:8527)","timestamp":"2025-10-11T08:03:08.707Z"}
{"level":"error","message":"âœ˜ Completions for node Send ([46:5, 46:50] - test.wtest) failed: Error: [Send]{532a3c} at test.wtest:46 exhausted all cases without a match [Send]{532a3c} at test.wtest:46 exhausted all cases without a match","stack":"Error: [Send]{532a3c} at test.wtest:46 exhausted all cases without a match\n    at c:\\Users\\Feche\\.vscode\\extensions\\uqbar.wollok-lsp-ide-0.5.3\\out\\server\\src\\server.js:38:6142\n    at D2 (c:\\Users\\Feche\\.vscode\\extensions\\uqbar.wollok-lsp-ide-0.5.3\\out\\server\\src\\server.js:2384:42)\n    at Qh (c:\\Users\\Feche\\.vscode\\extensions\\uqbar.wollok-lsp-ide-0.5.3\\out\\server\\src\\server.js:2384:1092)\n    at D2 (c:\\Users\\Feche\\.vscode\\extensions\\uqbar.wollok-lsp-ide-0.5.3\\out\\server\\src\\server.js:2384:544)\n    at Qh (c:\\Users\\Feche\\.vscode\\extensions\\uqbar.wollok-lsp-ide-0.5.3\\out\\server\\src\\server.js:2384:1092)\n    at k6n (c:\\Users\\Feche\\.vscode\\extensions\\uqbar.wollok-lsp-ide-0.5.3\\out\\server\\src\\server.js:2384:1248)\n    at c:\\Users\\Feche\\.vscode\\extensions\\uqbar.wollok-lsp-ide-0.5.3\\out\\server\\src\\server.js:38:6131\n    at D2 (c:\\Users\\Feche\\.vscode\\extensions\\uqbar.wollok-lsp-ide-0.5.3\\out\\server\\src\\server.js:2384:42)\n    at c:\\Users\\Feche\\.vscode\\extensions\\uqbar.wollok-lsp-ide-0.5.3\\out\\server\\src\\server.js:2384:2988\n    at c:\\Users\\Feche\\.vscode\\extensions\\uqbar.wollok-lsp-ide-0.5.3\\out\\server\\src\\server.js:2393:8440","timestamp":"2025-10-11T08:03:08.707Z"}
{"level":"info","message":"âŒ› Validating test.wtest","timeElapsed":101,"timestamp":"2025-10-11T08:03:08.811Z"}
{"level":"info","message":"âŒ› Validating test.wtest","timeElapsed":138,"timestamp":"2025-10-11T08:03:08.959Z"}
{"level":"info","message":"âŒ› Building environment","timeElapsed":153,"timestamp":"2025-10-11T08:03:09.113Z"}
{"level":"error","message":"âœ˜ Completions for node Send ([46:20, 46:50] - test.wtest) failed: Error: [Send]{f454da} at test.wtest:46 exhausted all cases without a match [Send]{f454da} at test.wtest:46 exhausted all cases without a match","stack":"Error: [Send]{f454da} at test.wtest:46 exhausted all cases without a match\n    at c:\\Users\\Feche\\.vscode\\extensions\\uqbar.wollok-lsp-ide-0.5.3\\out\\server\\src\\server.js:38:6142\n    at D2 (c:\\Users\\Feche\\.vscode\\extensions\\uqbar.wollok-lsp-ide-0.5.3\\out\\server\\src\\server.js:2384:42)\n    at Qh (c:\\Users\\Feche\\.vscode\\extensions\\uqbar.wollok-lsp-ide-0.5.3\\out\\server\\src\\server.js:2384:1092)\n    at k6n (c:\\Users\\Feche\\.vscode\\extensions\\uqbar.wollok-lsp-ide-0.5.3\\out\\server\\src\\server.js:2384:1248)\n    at c:\\Users\\Feche\\.vscode\\extensions\\uqbar.wollok-lsp-ide-0.5.3\\out\\server\\src\\server.js:38:6131\n    at D2 (c:\\Users\\Feche\\.vscode\\extensions\\uqbar.wollok-lsp-ide-0.5.3\\out\\server\\src\\server.js:2384:42)\n    at c:\\Users\\Feche\\.vscode\\extensions\\uqbar.wollok-lsp-ide-0.5.3\\out\\server\\src\\server.js:2384:2988\n    at c:\\Users\\Feche\\.vscode\\extensions\\uqbar.wollok-lsp-ide-0.5.3\\out\\server\\src\\server.js:2393:8440\n    at c:\\Users\\Feche\\.vscode\\extensions\\uqbar.wollok-lsp-ide-0.5.3\\out\\server\\src\\server.js:37:74872\n    at Ye (c:\\Users\\Feche\\.vscode\\extensions\\uqbar.wollok-lsp-ide-0.5.3\\out\\server\\src\\server.js:7:8527)","timestamp":"2025-10-11T08:03:09.150Z"}
{"level":"error","message":"âœ˜ Completions for node Send ([46:5, 46:51] - test.wtest) failed: Error: [Send]{674cec} at test.wtest:46 exhausted all cases without a match [Send]{674cec} at test.wtest:46 exhausted all cases without a match","stack":"Error: [Send]{674cec} at test.wtest:46 exhausted all cases without a match\n    at c:\\Users\\Feche\\.vscode\\extensions\\uqbar.wollok-lsp-ide-0.5.3\\out\\server\\src\\server.js:38:6142\n    at D2 (c:\\Users\\Feche\\.vscode\\extensions\\uqbar.wollok-lsp-ide-0.5.3\\out\\server\\src\\server.js:2384:42)\n    at Qh (c:\\Users\\Feche\\.vscode\\extensions\\uqbar.wollok-lsp-ide-0.5.3\\out\\server\\src\\server.js:2384:1092)\n    at D2 (c:\\Users\\Feche\\.vscode\\extensions\\uqbar.wollok-lsp-ide-0.5.3\\out\\server\\src\\server.js:2384:544)\n    at Qh (c:\\Users\\Feche\\.vscode\\extensions\\uqbar.wollok-lsp-ide-0.5.3\\out\\server\\src\\server.js:2384:1092)\n    at k6n (c:\\Users\\Feche\\.vscode\\extensions\\uqbar.wollok-lsp-ide-0.5.3\\out\\server\\src\\server.js:2384:1248)\n    at c:\\Users\\Feche\\.vscode\\extensions\\uqbar.wollok-lsp-ide-0.5.3\\out\\server\\src\\server.js:38:6131\n    at D2 (c:\\Users\\Feche\\.vscode\\extensions\\uqbar.wollok-lsp-ide-0.5.3\\out\\server\\src\\server.js:2384:42)\n    at c:\\Users\\Feche\\.vscode\\extensions\\uqbar.wollok-lsp-ide-0.5.3\\out\\server\\src\\server.js:2384:2988\n    at c:\\Users\\Feche\\.vscode\\extensions\\uqbar.wollok-lsp-ide-0.5.3\\out\\server\\src\\server.js:2393:8440","timestamp":"2025-10-11T08:03:09.150Z"}
{"level":"info","message":"âŒ› Validating test.wtest","timeElapsed":101,"timestamp":"2025-10-11T08:03:09.498Z"}
{"level":"error","message":"âœ˜ Completions for node Send ([46:20, 46:53] - test.wtest) failed: Error: [Send]{6b0a42} at test.wtest:46 exhausted all cases without a match [Send]{6b0a42} at test.wtest:46 exhausted all cases without a match","stack":"Error: [Send]{6b0a42} at test.wtest:46 exhausted all cases without a match\n    at c:\\Users\\Feche\\.vscode\\extensions\\uqbar.wollok-lsp-ide-0.5.3\\out\\server\\src\\server.js:38:6142\n    at D2 (c:\\Users\\Feche\\.vscode\\extensions\\uqbar.wollok-lsp-ide-0.5.3\\out\\server\\src\\server.js:2384:42)\n    at Qh (c:\\Users\\Feche\\.vscode\\extensions\\uqbar.wollok-lsp-ide-0.5.3\\out\\server\\src\\server.js:2384:1092)\n    at k6n (c:\\Users\\Feche\\.vscode\\extensions\\uqbar.wollok-lsp-ide-0.5.3\\out\\server\\src\\server.js:2384:1248)\n    at c:\\Users\\Feche\\.vscode\\extensions\\uqbar.wollok-lsp-ide-0.5.3\\out\\server\\src\\server.js:38:6131\n    at D2 (c:\\Users\\Feche\\.vscode\\extensions\\uqbar.wollok-lsp-ide-0.5.3\\out\\server\\src\\server.js:2384:42)\n    at c:\\Users\\Feche\\.vscode\\extensions\\uqbar.wollok-lsp-ide-0.5.3\\out\\server\\src\\server.js:2384:2988\n    at c:\\Users\\Feche\\.vscode\\extensions\\uqbar.wollok-lsp-ide-0.5.3\\out\\server\\src\\server.js:2393:8440\n    at c:\\Users\\Feche\\.vscode\\extensions\\uqbar.wollok-lsp-ide-0.5.3\\out\\server\\src\\server.js:37:74872\n    at Ye (c:\\Users\\Feche\\.vscode\\extensions\\uqbar.wollok-lsp-ide-0.5.3\\out\\server\\src\\server.js:7:8527)","timestamp":"2025-10-11T08:03:09.701Z"}
{"level":"error","message":"âœ˜ Completions for node Send ([46:5, 46:54] - test.wtest) failed: Error: [Send]{56e891} at test.wtest:46 exhausted all cases without a match [Send]{56e891} at test.wtest:46 exhausted all cases without a match","stack":"Error: [Send]{56e891} at test.wtest:46 exhausted all cases without a match\n    at c:\\Users\\Feche\\.vscode\\extensions\\uqbar.wollok-lsp-ide-0.5.3\\out\\server\\src\\server.js:38:6142\n    at D2 (c:\\Users\\Feche\\.vscode\\extensions\\uqbar.wollok-lsp-ide-0.5.3\\out\\server\\src\\server.js:2384:42)\n    at Qh (c:\\Users\\Feche\\.vscode\\extensions\\uqbar.wollok-lsp-ide-0.5.3\\out\\server\\src\\server.js:2384:1092)\n    at D2 (c:\\Users\\Feche\\.vscode\\extensions\\uqbar.wollok-lsp-ide-0.5.3\\out\\server\\src\\server.js:2384:544)\n    at Qh (c:\\Users\\Feche\\.vscode\\extensions\\uqbar.wollok-lsp-ide-0.5.3\\out\\server\\src\\server.js:2384:1092)\n    at k6n (c:\\Users\\Feche\\.vscode\\extensions\\uqbar.wollok-lsp-ide-0.5.3\\out\\server\\src\\server.js:2384:1248)\n    at c:\\Users\\Feche\\.vscode\\extensions\\uqbar.wollok-lsp-ide-0.5.3\\out\\server\\src\\server.js:38:6131\n    at D2 (c:\\Users\\Feche\\.vscode\\extensions\\uqbar.wollok-lsp-ide-0.5.3\\out\\server\\src\\server.js:2384:42)\n    at c:\\Users\\Feche\\.vscode\\extensions\\uqbar.wollok-lsp-ide-0.5.3\\out\\server\\src\\server.js:2384:2988\n    at c:\\Users\\Feche\\.vscode\\extensions\\uqbar.wollok-lsp-ide-0.5.3\\out\\server\\src\\server.js:2393:8440","timestamp":"2025-10-11T08:03:09.701Z"}
{"level":"error","message":"âœ˜ Completions for node Send ([46:20, 46:56] - test.wtest) failed: Error: [Send]{f1fe24} at test.wtest:46 exhausted all cases without a match [Send]{f1fe24} at test.wtest:46 exhausted all cases without a match","stack":"Error: [Send]{f1fe24} at test.wtest:46 exhausted all cases without a match\n    at c:\\Users\\Feche\\.vscode\\extensions\\uqbar.wollok-lsp-ide-0.5.3\\out\\server\\src\\server.js:38:6142\n    at D2 (c:\\Users\\Feche\\.vscode\\extensions\\uqbar.wollok-lsp-ide-0.5.3\\out\\server\\src\\server.js:2384:42)\n    at Qh (c:\\Users\\Feche\\.vscode\\extensions\\uqbar.wollok-lsp-ide-0.5.3\\out\\server\\src\\server.js:2384:1092)\n    at k6n (c:\\Users\\Feche\\.vscode\\extensions\\uqbar.wollok-lsp-ide-0.5.3\\out\\server\\src\\server.js:2384:1248)\n    at c:\\Users\\Feche\\.vscode\\extensions\\uqbar.wollok-lsp-ide-0.5.3\\out\\server\\src\\server.js:38:6131\n    at D2 (c:\\Users\\Feche\\.vscode\\extensions\\uqbar.wollok-lsp-ide-0.5.3\\out\\server\\src\\server.js:2384:42)\n    at c:\\Users\\Feche\\.vscode\\extensions\\uqbar.wollok-lsp-ide-0.5.3\\out\\server\\src\\server.js:2384:2988\n    at c:\\Users\\Feche\\.vscode\\extensions\\uqbar.wollok-lsp-ide-0.5.3\\out\\server\\src\\server.js:2393:8440\n    at c:\\Users\\Feche\\.vscode\\extensions\\uqbar.wollok-lsp-ide-0.5.3\\out\\server\\src\\server.js:37:74872\n    at Ye (c:\\Users\\Feche\\.vscode\\extensions\\uqbar.wollok-lsp-ide-0.5.3\\out\\server\\src\\server.js:7:8527)","timestamp":"2025-10-11T08:03:10.019Z"}
{"level":"error","message":"âœ˜ Completions for node Send ([46:5, 46:57] - test.wtest) failed: Error: [Send]{180068} at test.wtest:46 exhausted all cases without a match [Send]{180068} at test.wtest:46 exhausted all cases without a match","stack":"Error: [Send]{180068} at test.wtest:46 exhausted all cases without a match\n    at c:\\Users\\Feche\\.vscode\\extensions\\uqbar.wollok-lsp-ide-0.5.3\\out\\server\\src\\server.js:38:6142\n    at D2 (c:\\Users\\Feche\\.vscode\\extensions\\uqbar.wollok-lsp-ide-0.5.3\\out\\server\\src\\server.js:2384:42)\n    at Qh (c:\\Users\\Feche\\.vscode\\extensions\\uqbar.wollok-lsp-ide-0.5.3\\out\\server\\src\\server.js:2384:1092)\n    at D2 (c:\\Users\\Feche\\.vscode\\extensions\\uqbar.wollok-lsp-ide-0.5.3\\out\\server\\src\\server.js:2384:544)\n    at Qh (c:\\Users\\Feche\\.vscode\\extensions\\uqbar.wollok-lsp-ide-0.5.3\\out\\server\\src\\server.js:2384:1092)\n    at k6n (c:\\Users\\Feche\\.vscode\\extensions\\uqbar.wollok-lsp-ide-0.5.3\\out\\server\\src\\server.js:2384:1248)\n    at c:\\Users\\Feche\\.vscode\\extensions\\uqbar.wollok-lsp-ide-0.5.3\\out\\server\\src\\server.js:38:6131\n    at D2 (c:\\Users\\Feche\\.vscode\\extensions\\uqbar.wollok-lsp-ide-0.5.3\\out\\server\\src\\server.js:2384:42)\n    at c:\\Users\\Feche\\.vscode\\extensions\\uqbar.wollok-lsp-ide-0.5.3\\out\\server\\src\\server.js:2384:2988\n    at c:\\Users\\Feche\\.vscode\\extensions\\uqbar.wollok-lsp-ide-0.5.3\\out\\server\\src\\server.js:2393:8440","timestamp":"2025-10-11T08:03:10.020Z"}
{"level":"info","message":"ðŸ§ª Test runner executed on c:\\Users\\Feche\\Documents\\UNQ\\PROGRAMACION CON OBJETOS 1\\REPOS\\2025s2c4-materiasts-NicoAGulo","result":{"errored":0,"failed":0,"ok":1},"testsFailed":[],"timeElapsed":439,"timestamp":"2025-10-11T08:03:15.467Z"}
{"level":"info","message":"âŒ› Validating test.wtest","timeElapsed":109,"timestamp":"2025-10-11T08:03:25.458Z"}
{"level":"info","message":"âŒ› Validating test.wtest","timeElapsed":107,"timestamp":"2025-10-11T08:03:25.707Z"}
{"level":"info","message":"âŒ› Validating test.wtest","timeElapsed":103,"timestamp":"2025-10-11T08:03:25.884Z"}
{"level":"info","message":"âŒ› Building environment","timeElapsed":133,"timestamp":"2025-10-11T08:03:26.019Z"}
{"level":"info","message":"âŒ› Validating test.wtest","timeElapsed":105,"timestamp":"2025-10-11T08:03:26.125Z"}
{"level":"info","message":"âŒ› Validating test.wtest","timeElapsed":101,"timestamp":"2025-10-11T08:03:26.441Z"}
{"level":"info","message":"âŒ› Validating test.wtest","timeElapsed":102,"timestamp":"2025-10-11T08:03:26.607Z"}
{"level":"info","message":"âŒ› Validating test.wtest","timeElapsed":105,"timestamp":"2025-10-11T08:03:27.094Z"}
{"level":"info","message":"âŒ› Validating test.wtest","timeElapsed":101,"timestamp":"2025-10-11T08:03:27.352Z"}
{"level":"info","message":"âŒ› Validating test.wtest","timeElapsed":113,"timestamp":"2025-10-11T08:03:28.126Z"}
{"level":"info","message":"âŒ› Validating test.wtest","timeElapsed":138,"timestamp":"2025-10-11T08:03:31.484Z"}
{"level":"info","message":"âŒ› Validating test.wtest","timeElapsed":114,"timestamp":"2025-10-11T08:03:31.598Z"}
{"level":"info","message":"âŒ› Validating test.wtest","timeElapsed":120,"timestamp":"2025-10-11T08:03:35.270Z"}
{"level":"info","message":"âŒ› Validating test.wtest","timeElapsed":153,"timestamp":"2025-10-11T08:03:36.273Z"}
{"level":"info","message":"âŒ› Validating test.wtest","timeElapsed":102,"timestamp":"2025-10-11T08:03:36.542Z"}
{"level":"info","message":"âŒ› Validating test.wtest","timeElapsed":106,"timestamp":"2025-10-11T08:03:36.789Z"}
{"level":"info","message":"âŒ› Validating test.wtest","timeElapsed":103,"timestamp":"2025-10-11T08:03:36.952Z"}
{"level":"info","message":"âŒ› Validating test.wtest","timeElapsed":101,"timestamp":"2025-10-11T08:03:38.056Z"}
{"level":"info","message":"âŒ› Validating test.wtest","timeElapsed":113,"timestamp":"2025-10-11T08:03:39.178Z"}
{"level":"info","message":"âŒ› Validating test.wtest","timeElapsed":102,"timestamp":"2025-10-11T08:03:39.409Z"}
{"level":"info","message":"âŒ› Validating test.wtest","timeElapsed":112,"timestamp":"2025-10-11T08:03:50.139Z"}
{"level":"info","message":"âŒ› Validating test.wtest","timeElapsed":103,"timestamp":"2025-10-11T08:03:50.635Z"}
{"level":"info","message":"âŒ› Validating test.wtest","timeElapsed":101,"timestamp":"2025-10-11T08:03:50.798Z"}
{"level":"info","message":"âŒ› Validating test.wtest","timeElapsed":105,"timestamp":"2025-10-11T08:03:51.220Z"}
{"level":"info","message":"âŒ› Validating test.wtest","timeElapsed":109,"timestamp":"2025-10-11T08:03:51.391Z"}
{"level":"info","message":"âŒ› Validating test.wtest","timeElapsed":101,"timestamp":"2025-10-11T08:03:51.552Z"}
{"level":"info","message":"âŒ› Validating test.wtest","timeElapsed":105,"timestamp":"2025-10-11T08:03:51.792Z"}
{"level":"info","message":"âŒ› Validating test.wtest","timeElapsed":104,"timestamp":"2025-10-11T08:03:52.025Z"}
{"level":"info","message":"âŒ› Validating test.wtest","timeElapsed":122,"timestamp":"2025-10-11T08:03:52.148Z"}
{"level":"info","message":"âŒ› Building environment","timeElapsed":133,"timestamp":"2025-10-11T08:03:52.361Z"}
{"level":"info","message":"âŒ› Validating estudiante.wlk","timeElapsed":111,"timestamp":"2025-10-11T08:04:03.369Z"}
{"level":"info","message":"âŒ› Validating estudiante.wlk","timeElapsed":111,"timestamp":"2025-10-11T08:04:03.544Z"}
{"level":"info","message":"âŒ› Validating estudiante.wlk","timeElapsed":103,"timestamp":"2025-10-11T08:04:03.968Z"}
{"level":"info","message":"âŒ› Validating estudiante.wlk","timeElapsed":114,"timestamp":"2025-10-11T08:04:04.329Z"}
{"level":"info","message":"âŒ› Validating estudiante.wlk","timeElapsed":105,"timestamp":"2025-10-11T08:04:04.651Z"}
{"level":"error","message":"âœ˜ Completions for node If ([14:5, 18:8] - estudiante.wlk) failed: Error: [If]{1e4dbb} at estudiante.wlk:14 exhausted all cases without a match [If]{1e4dbb} at estudiante.wlk:14 exhausted all cases without a match","stack":"Error: [If]{1e4dbb} at estudiante.wlk:14 exhausted all cases without a match\n    at c:\\Users\\Feche\\.vscode\\extensions\\uqbar.wollok-lsp-ide-0.5.3\\out\\server\\src\\server.js:38:6142\n    at D2 (c:\\Users\\Feche\\.vscode\\extensions\\uqbar.wollok-lsp-ide-0.5.3\\out\\server\\src\\server.js:2384:42)\n    at Qh (c:\\Users\\Feche\\.vscode\\extensions\\uqbar.wollok-lsp-ide-0.5.3\\out\\server\\src\\server.js:2384:1092)\n    at v6n (c:\\Users\\Feche\\.vscode\\extensions\\uqbar.wollok-lsp-ide-0.5.3\\out\\server\\src\\server.js:2384:818)\n    at c:\\Users\\Feche\\.vscode\\extensions\\uqbar.wollok-lsp-ide-0.5.3\\out\\server\\src\\server.js:38:6131\n    at D2 (c:\\Users\\Feche\\.vscode\\extensions\\uqbar.wollok-lsp-ide-0.5.3\\out\\server\\src\\server.js:2384:42)\n    at Qh (c:\\Users\\Feche\\.vscode\\extensions\\uqbar.wollok-lsp-ide-0.5.3\\out\\server\\src\\server.js:2384:1092)\n    at k6n (c:\\Users\\Feche\\.vscode\\extensions\\uqbar.wollok-lsp-ide-0.5.3\\out\\server\\src\\server.js:2384:1248)\n    at c:\\Users\\Feche\\.vscode\\extensions\\uqbar.wollok-lsp-ide-0.5.3\\out\\server\\src\\server.js:38:6131\n    at D2 (c:\\Users\\Feche\\.vscode\\extensions\\uqbar.wollok-lsp-ide-0.5.3\\out\\server\\src\\server.js:2384:42)","timestamp":"2025-10-11T08:04:04.926Z"}
{"level":"info","message":"âŒ› Validating estudiante.wlk","timeElapsed":108,"timestamp":"2025-10-11T08:04:05.036Z"}
{"level":"error","message":"âœ˜ Completions for node If ([14:5, 18:8] - estudiante.wlk) failed: Error: [If]{269998} at estudiante.wlk:14 exhausted all cases without a match [If]{269998} at estudiante.wlk:14 exhausted all cases without a match","stack":"Error: [If]{269998} at estudiante.wlk:14 exhausted all cases without a match\n    at c:\\Users\\Feche\\.vscode\\extensions\\uqbar.wollok-lsp-ide-0.5.3\\out\\server\\src\\server.js:38:6142\n    at D2 (c:\\Users\\Feche\\.vscode\\extensions\\uqbar.wollok-lsp-ide-0.5.3\\out\\server\\src\\server.js:2384:42)\n    at Qh (c:\\Users\\Feche\\.vscode\\extensions\\uqbar.wollok-lsp-ide-0.5.3\\out\\server\\src\\server.js:2384:1092)\n    at v6n (c:\\Users\\Feche\\.vscode\\extensions\\uqbar.wollok-lsp-ide-0.5.3\\out\\server\\src\\server.js:2384:818)\n    at c:\\Users\\Feche\\.vscode\\extensions\\uqbar.wollok-lsp-ide-0.5.3\\out\\server\\src\\server.js:38:6131\n    at D2 (c:\\Users\\Feche\\.vscode\\extensions\\uqbar.wollok-lsp-ide-0.5.3\\out\\server\\src\\server.js:2384:42)\n    at Qh (c:\\Users\\Feche\\.vscode\\extensions\\uqbar.wollok-lsp-ide-0.5.3\\out\\server\\src\\server.js:2384:1092)\n    at k6n (c:\\Users\\Feche\\.vscode\\extensions\\uqbar.wollok-lsp-ide-0.5.3\\out\\server\\src\\server.js:2384:1248)\n    at c:\\Users\\Feche\\.vscode\\extensions\\uqbar.wollok-lsp-ide-0.5.3\\out\\server\\src\\server.js:38:6131\n    at D2 (c:\\Users\\Feche\\.vscode\\extensions\\uqbar.wollok-lsp-ide-0.5.3\\out\\server\\src\\server.js:2384:42)","timestamp":"2025-10-11T08:04:05.130Z"}
{"level":"info","message":"âŒ› Validating estudiante.wlk","timeElapsed":102,"timestamp":"2025-10-11T08:04:05.296Z"}
{"level":"error","message":"âœ˜ Completions for node If ([14:5, 18:8] - estudiante.wlk) failed: Error: [If]{820a64} at estudiante.wlk:14 exhausted all cases without a match [If]{820a64} at estudiante.wlk:14 exhausted all cases without a match","stack":"Error: [If]{820a64} at estudiante.wlk:14 exhausted all cases without a match\n    at c:\\Users\\Feche\\.vscode\\extensions\\uqbar.wollok-lsp-ide-0.5.3\\out\\server\\src\\server.js:38:6142\n    at D2 (c:\\Users\\Feche\\.vscode\\extensions\\uqbar.wollok-lsp-ide-0.5.3\\out\\server\\src\\server.js:2384:42)\n    at Qh (c:\\Users\\Feche\\.vscode\\extensions\\uqbar.wollok-lsp-ide-0.5.3\\out\\server\\src\\server.js:2384:1092)\n    at v6n (c:\\Users\\Feche\\.vscode\\extensions\\uqbar.wollok-lsp-ide-0.5.3\\out\\server\\src\\server.js:2384:818)\n    at c:\\Users\\Feche\\.vscode\\extensions\\uqbar.wollok-lsp-ide-0.5.3\\out\\server\\src\\server.js:38:6131\n    at D2 (c:\\Users\\Feche\\.vscode\\extensions\\uqbar.wollok-lsp-ide-0.5.3\\out\\server\\src\\server.js:2384:42)\n    at Qh (c:\\Users\\Feche\\.vscode\\extensions\\uqbar.wollok-lsp-ide-0.5.3\\out\\server\\src\\server.js:2384:1092)\n    at k6n (c:\\Users\\Feche\\.vscode\\extensions\\uqbar.wollok-lsp-ide-0.5.3\\out\\server\\src\\server.js:2384:1248)\n    at c:\\Users\\Feche\\.vscode\\extensions\\uqbar.wollok-lsp-ide-0.5.3\\out\\server\\src\\server.js:38:6131\n    at D2 (c:\\Users\\Feche\\.vscode\\extensions\\uqbar.wollok-lsp-ide-0.5.3\\out\\server\\src\\server.js:2384:42)","timestamp":"2025-10-11T08:04:05.475Z"}
{"level":"info","message":"âŒ› Validating estudiante.wlk","timeElapsed":101,"timestamp":"2025-10-11T08:04:05.578Z"}
{"level":"error","message":"âœ˜ Completions for node If ([14:5, 18:8] - estudiante.wlk) failed: Error: [If]{83a80e} at estudiante.wlk:14 exhausted all cases without a match [If]{83a80e} at estudiante.wlk:14 exhausted all cases without a match","stack":"Error: [If]{83a80e} at estudiante.wlk:14 exhausted all cases without a match\n    at c:\\Users\\Feche\\.vscode\\extensions\\uqbar.wollok-lsp-ide-0.5.3\\out\\server\\src\\server.js:38:6142\n    at D2 (c:\\Users\\Feche\\.vscode\\extensions\\uqbar.wollok-lsp-ide-0.5.3\\out\\server\\src\\server.js:2384:42)\n    at Qh (c:\\Users\\Feche\\.vscode\\extensions\\uqbar.wollok-lsp-ide-0.5.3\\out\\server\\src\\server.js:2384:1092)\n    at v6n (c:\\Users\\Feche\\.vscode\\extensions\\uqbar.wollok-lsp-ide-0.5.3\\out\\server\\src\\server.js:2384:818)\n    at c:\\Users\\Feche\\.vscode\\extensions\\uqbar.wollok-lsp-ide-0.5.3\\out\\server\\src\\server.js:38:6131\n    at D2 (c:\\Users\\Feche\\.vscode\\extensions\\uqbar.wollok-lsp-ide-0.5.3\\out\\server\\src\\server.js:2384:42)\n    at Qh (c:\\Users\\Feche\\.vscode\\extensions\\uqbar.wollok-lsp-ide-0.5.3\\out\\server\\src\\server.js:2384:1092)\n    at k6n (c:\\Users\\Feche\\.vscode\\extensions\\uqbar.wollok-lsp-ide-0.5.3\\out\\server\\src\\server.js:2384:1248)\n    at c:\\Users\\Feche\\.vscode\\extensions\\uqbar.wollok-lsp-ide-0.5.3\\out\\server\\src\\server.js:38:6131\n    at D2 (c:\\Users\\Feche\\.vscode\\extensions\\uqbar.wollok-lsp-ide-0.5.3\\out\\server\\src\\server.js:2384:42)","timestamp":"2025-10-11T08:04:06.025Z"}
{"level":"error","message":"âœ˜ Completions for node Throw ([17:9, 17:16] - estudiante.wlk) failed: Error: [Throw]{edb984} at estudiante.wlk:17 exhausted all cases without a match [Throw]{edb984} at estudiante.wlk:17 exhausted all cases without a match","stack":"Error: [Throw]{edb984} at estudiante.wlk:17 exhausted all cases without a match\n    at c:\\Users\\Feche\\.vscode\\extensions\\uqbar.wollok-lsp-ide-0.5.3\\out\\server\\src\\server.js:38:6142\n    at D2 (c:\\Users\\Feche\\.vscode\\extensions\\uqbar.wollok-lsp-ide-0.5.3\\out\\server\\src\\server.js:2384:42)\n    at Qh (c:\\Users\\Feche\\.vscode\\extensions\\uqbar.wollok-lsp-ide-0.5.3\\out\\server\\src\\server.js:2384:1092)\n    at k6n (c:\\Users\\Feche\\.vscode\\extensions\\uqbar.wollok-lsp-ide-0.5.3\\out\\server\\src\\server.js:2384:1248)\n    at c:\\Users\\Feche\\.vscode\\extensions\\uqbar.wollok-lsp-ide-0.5.3\\out\\server\\src\\server.js:38:6131\n    at D2 (c:\\Users\\Feche\\.vscode\\extensions\\uqbar.wollok-lsp-ide-0.5.3\\out\\server\\src\\server.js:2384:42)\n    at c:\\Users\\Feche\\.vscode\\extensions\\uqbar.wollok-lsp-ide-0.5.3\\out\\server\\src\\server.js:2384:2988\n    at c:\\Users\\Feche\\.vscode\\extensions\\uqbar.wollok-lsp-ide-0.5.3\\out\\server\\src\\server.js:2393:8440\n    at c:\\Users\\Feche\\.vscode\\extensions\\uqbar.wollok-lsp-ide-0.5.3\\out\\server\\src\\server.js:37:74872\n    at Ye (c:\\Users\\Feche\\.vscode\\extensions\\uqbar.wollok-lsp-ide-0.5.3\\out\\server\\src\\server.js:7:8527)","timestamp":"2025-10-11T08:04:08.461Z"}
{"level":"error","message":"âœ˜ Completions for node If ([14:5, 18:8] - estudiante.wlk) failed: Error: [If]{abc389} at estudiante.wlk:14 exhausted all cases without a match [If]{abc389} at estudiante.wlk:14 exhausted all cases without a match","stack":"Error: [If]{abc389} at estudiante.wlk:14 exhausted all cases without a match\n    at c:\\Users\\Feche\\.vscode\\extensions\\uqbar.wollok-lsp-ide-0.5.3\\out\\server\\src\\server.js:38:6142\n    at D2 (c:\\Users\\Feche\\.vscode\\extensions\\uqbar.wollok-lsp-ide-0.5.3\\out\\server\\src\\server.js:2384:42)\n    at Qh (c:\\Users\\Feche\\.vscode\\extensions\\uqbar.wollok-lsp-ide-0.5.3\\out\\server\\src\\server.js:2384:1092)\n    at v6n (c:\\Users\\Feche\\.vscode\\extensions\\uqbar.wollok-lsp-ide-0.5.3\\out\\server\\src\\server.js:2384:818)\n    at c:\\Users\\Feche\\.vscode\\extensions\\uqbar.wollok-lsp-ide-0.5.3\\out\\server\\src\\server.js:38:6131\n    at D2 (c:\\Users\\Feche\\.vscode\\extensions\\uqbar.wollok-lsp-ide-0.5.3\\out\\server\\src\\server.js:2384:42)\n    at Qh (c:\\Users\\Feche\\.vscode\\extensions\\uqbar.wollok-lsp-ide-0.5.3\\out\\server\\src\\server.js:2384:1092)\n    at D2 (c:\\Users\\Feche\\.vscode\\extensions\\uqbar.wollok-lsp-ide-0.5.3\\out\\server\\src\\server.js:2384:544)\n    at Qh (c:\\Users\\Feche\\.vscode\\extensions\\uqbar.wollok-lsp-ide-0.5.3\\out\\server\\src\\server.js:2384:1092)\n    at k6n (c:\\Users\\Feche\\.vscode\\extensions\\uqbar.wollok-lsp-ide-0.5.3\\out\\server\\src\\server.js:2384:1248)","timestamp":"2025-10-11T08:04:08.461Z"}
{"level":"info","message":"âŒ› Validating estudiante.wlk","timeElapsed":112,"timestamp":"2025-10-11T08:04:08.749Z"}
{"level":"info","message":"âŒ› Validating estudiante.wlk","timeElapsed":124,"timestamp":"2025-10-11T08:04:09.035Z"}
{"level":"info","message":"âŒ› Validating estudiante.wlk","timeElapsed":101,"timestamp":"2025-10-11T08:04:09.139Z"}
{"level":"error","message":"âœ˜ Completions for node If ([14:5, 18:8] - estudiante.wlk) failed: Error: [If]{c7e7ff} at estudiante.wlk:14 exhausted all cases without a match [If]{c7e7ff} at estudiante.wlk:14 exhausted all cases without a match","stack":"Error: [If]{c7e7ff} at estudiante.wlk:14 exhausted all cases without a match\n    at c:\\Users\\Feche\\.vscode\\extensions\\uqbar.wollok-lsp-ide-0.5.3\\out\\server\\src\\server.js:38:6142\n    at D2 (c:\\Users\\Feche\\.vscode\\extensions\\uqbar.wollok-lsp-ide-0.5.3\\out\\server\\src\\server.js:2384:42)\n    at Qh (c:\\Users\\Feche\\.vscode\\extensions\\uqbar.wollok-lsp-ide-0.5.3\\out\\server\\src\\server.js:2384:1092)\n    at v6n (c:\\Users\\Feche\\.vscode\\extensions\\uqbar.wollok-lsp-ide-0.5.3\\out\\server\\src\\server.js:2384:818)\n    at c:\\Users\\Feche\\.vscode\\extensions\\uqbar.wollok-lsp-ide-0.5.3\\out\\server\\src\\server.js:38:6131\n    at D2 (c:\\Users\\Feche\\.vscode\\extensions\\uqbar.wollok-lsp-ide-0.5.3\\out\\server\\src\\server.js:2384:42)\n    at Qh (c:\\Users\\Feche\\.vscode\\extensions\\uqbar.wollok-lsp-ide-0.5.3\\out\\server\\src\\server.js:2384:1092)\n    at k6n (c:\\Users\\Feche\\.vscode\\extensions\\uqbar.wollok-lsp-ide-0.5.3\\out\\server\\src\\server.js:2384:1248)\n    at c:\\Users\\Feche\\.vscode\\extensions\\uqbar.wollok-lsp-ide-0.5.3\\out\\server\\src\\server.js:38:6131\n    at D2 (c:\\Users\\Feche\\.vscode\\extensions\\uqbar.wollok-lsp-ide-0.5.3\\out\\server\\src\\server.js:2384:42)","timestamp":"2025-10-11T08:04:09.222Z"}
{"level":"info","message":"âŒ› Building environment","timeElapsed":126,"timestamp":"2025-10-11T08:04:10.369Z"}
{"level":"info","message":"âŒ› Validating estudiante.wlk","timeElapsed":106,"timestamp":"2025-10-11T08:04:10.479Z"}
{"level":"info","message":"âŒ› Validating estudiante.wlk","timeElapsed":102,"timestamp":"2025-10-11T08:04:11.666Z"}
{"level":"info","message":"âŒ› Validating estudiante.wlk","timeElapsed":103,"timestamp":"2025-10-11T08:04:11.888Z"}
{"level":"error","message":"âœ˜ Completions for node Send ([17:19, 17:31] - estudiante.wlk) failed: Error: [Send]{0726d1} at estudiante.wlk:17 exhausted all cases without a match [Send]{0726d1} at estudiante.wlk:17 exhausted all cases without a match","stack":"Error: [Send]{0726d1} at estudiante.wlk:17 exhausted all cases without a match\n    at c:\\Users\\Feche\\.vscode\\extensions\\uqbar.wollok-lsp-ide-0.5.3\\out\\server\\src\\server.js:38:6142\n    at D2 (c:\\Users\\Feche\\.vscode\\extensions\\uqbar.wollok-lsp-ide-0.5.3\\out\\server\\src\\server.js:2384:42)\n    at Qh (c:\\Users\\Feche\\.vscode\\extensions\\uqbar.wollok-lsp-ide-0.5.3\\out\\server\\src\\server.js:2384:1092)\n    at k6n (c:\\Users\\Feche\\.vscode\\extensions\\uqbar.wollok-lsp-ide-0.5.3\\out\\server\\src\\server.js:2384:1248)\n    at c:\\Users\\Feche\\.vscode\\extensions\\uqbar.wollok-lsp-ide-0.5.3\\out\\server\\src\\server.js:38:6131\n    at D2 (c:\\Users\\Feche\\.vscode\\extensions\\uqbar.wollok-lsp-ide-0.5.3\\out\\server\\src\\server.js:2384:42)\n    at c:\\Users\\Feche\\.vscode\\extensions\\uqbar.wollok-lsp-ide-0.5.3\\out\\server\\src\\server.js:2384:2988\n    at c:\\Users\\Feche\\.vscode\\extensions\\uqbar.wollok-lsp-ide-0.5.3\\out\\server\\src\\server.js:2393:8440\n    at c:\\Users\\Feche\\.vscode\\extensions\\uqbar.wollok-lsp-ide-0.5.3\\out\\server\\src\\server.js:37:74872\n    at Ye (c:\\Users\\Feche\\.vscode\\extensions\\uqbar.wollok-lsp-ide-0.5.3\\out\\server\\src\\server.js:7:8527)","timestamp":"2025-10-11T08:04:12.307Z"}
{"level":"error","message":"âœ˜ Completions for node If ([14:5, 18:8] - estudiante.wlk) failed: Error: [If]{12bd1a} at estudiante.wlk:14 exhausted all cases without a match [If]{12bd1a} at estudiante.wlk:14 exhausted all cases without a match","stack":"Error: [If]{12bd1a} at estudiante.wlk:14 exhausted all cases without a match\n    at c:\\Users\\Feche\\.vscode\\extensions\\uqbar.wollok-lsp-ide-0.5.3\\out\\server\\src\\server.js:38:6142\n    at D2 (c:\\Users\\Feche\\.vscode\\extensions\\uqbar.wollok-lsp-ide-0.5.3\\out\\server\\src\\server.js:2384:42)\n    at Qh (c:\\Users\\Feche\\.vscode\\extensions\\uqbar.wollok-lsp-ide-0.5.3\\out\\server\\src\\server.js:2384:1092)\n    at v6n (c:\\Users\\Feche\\.vscode\\extensions\\uqbar.wollok-lsp-ide-0.5.3\\out\\server\\src\\server.js:2384:818)\n    at c:\\Users\\Feche\\.vscode\\extensions\\uqbar.wollok-lsp-ide-0.5.3\\out\\server\\src\\server.js:38:6131\n    at D2 (c:\\Users\\Feche\\.vscode\\extensions\\uqbar.wollok-lsp-ide-0.5.3\\out\\server\\src\\server.js:2384:42)\n    at Qh (c:\\Users\\Feche\\.vscode\\extensions\\uqbar.wollok-lsp-ide-0.5.3\\out\\server\\src\\server.js:2384:1092)\n    at D2 (c:\\Users\\Feche\\.vscode\\extensions\\uqbar.wollok-lsp-ide-0.5.3\\out\\server\\src\\server.js:2384:544)\n    at Qh (c:\\Users\\Feche\\.vscode\\extensions\\uqbar.wollok-lsp-ide-0.5.3\\out\\server\\src\\server.js:2384:1092)\n    at k6n (c:\\Users\\Feche\\.vscode\\extensions\\uqbar.wollok-lsp-ide-0.5.3\\out\\server\\src\\server.js:2384:1248)","timestamp":"2025-10-11T08:04:12.307Z"}
{"level":"error","message":"âœ˜ Completions for node Send ([17:19, 17:31] - estudiante.wlk) failed: Error: [Send]{5caa6a} at estudiante.wlk:17 exhausted all cases without a match [Send]{5caa6a} at estudiante.wlk:17 exhausted all cases without a match","stack":"Error: [Send]{5caa6a} at estudiante.wlk:17 exhausted all cases without a match\n    at c:\\Users\\Feche\\.vscode\\extensions\\uqbar.wollok-lsp-ide-0.5.3\\out\\server\\src\\server.js:38:6142\n    at D2 (c:\\Users\\Feche\\.vscode\\extensions\\uqbar.wollok-lsp-ide-0.5.3\\out\\server\\src\\server.js:2384:42)\n    at Qh (c:\\Users\\Feche\\.vscode\\extensions\\uqbar.wollok-lsp-ide-0.5.3\\out\\server\\src\\server.js:2384:1092)\n    at k6n (c:\\Users\\Feche\\.vscode\\extensions\\uqbar.wollok-lsp-ide-0.5.3\\out\\server\\src\\server.js:2384:1248)\n    at c:\\Users\\Feche\\.vscode\\extensions\\uqbar.wollok-lsp-ide-0.5.3\\out\\server\\src\\server.js:38:6131\n    at D2 (c:\\Users\\Feche\\.vscode\\extensions\\uqbar.wollok-lsp-ide-0.5.3\\out\\server\\src\\server.js:2384:42)\n    at c:\\Users\\Feche\\.vscode\\extensions\\uqbar.wollok-lsp-ide-0.5.3\\out\\server\\src\\server.js:2384:2988\n    at c:\\Users\\Feche\\.vscode\\extensions\\uqbar.wollok-lsp-ide-0.5.3\\out\\server\\src\\server.js:2393:8440\n    at c:\\Users\\Feche\\.vscode\\extensions\\uqbar.wollok-lsp-ide-0.5.3\\out\\server\\src\\server.js:37:74872\n    at Ye (c:\\Users\\Feche\\.vscode\\extensions\\uqbar.wollok-lsp-ide-0.5.3\\out\\server\\src\\server.js:7:8527)","timestamp":"2025-10-11T08:04:12.941Z"}
{"level":"error","message":"âœ˜ Completions for node If ([14:5, 18:8] - estudiante.wlk) failed: Error: [If]{02b77b} at estudiante.wlk:14 exhausted all cases without a match [If]{02b77b} at estudiante.wlk:14 exhausted all cases without a match","stack":"Error: [If]{02b77b} at estudiante.wlk:14 exhausted all cases without a match\n    at c:\\Users\\Feche\\.vscode\\extensions\\uqbar.wollok-lsp-ide-0.5.3\\out\\server\\src\\server.js:38:6142\n    at D2 (c:\\Users\\Feche\\.vscode\\extensions\\uqbar.wollok-lsp-ide-0.5.3\\out\\server\\src\\server.js:2384:42)\n    at Qh (c:\\Users\\Feche\\.vscode\\extensions\\uqbar.wollok-lsp-ide-0.5.3\\out\\server\\src\\server.js:2384:1092)\n    at v6n (c:\\Users\\Feche\\.vscode\\extensions\\uqbar.wollok-lsp-ide-0.5.3\\out\\server\\src\\server.js:2384:818)\n    at c:\\Users\\Feche\\.vscode\\extensions\\uqbar.wollok-lsp-ide-0.5.3\\out\\server\\src\\server.js:38:6131\n    at D2 (c:\\Users\\Feche\\.vscode\\extensions\\uqbar.wollok-lsp-ide-0.5.3\\out\\server\\src\\server.js:2384:42)\n    at Qh (c:\\Users\\Feche\\.vscode\\extensions\\uqbar.wollok-lsp-ide-0.5.3\\out\\server\\src\\server.js:2384:1092)\n    at D2 (c:\\Users\\Feche\\.vscode\\extensions\\uqbar.wollok-lsp-ide-0.5.3\\out\\server\\src\\server.js:2384:544)\n    at Qh (c:\\Users\\Feche\\.vscode\\extensions\\uqbar.wollok-lsp-ide-0.5.3\\out\\server\\src\\server.js:2384:1092)\n    at k6n (c:\\Users\\Feche\\.vscode\\extensions\\uqbar.wollok-lsp-ide-0.5.3\\out\\server\\src\\server.js:2384:1248)","timestamp":"2025-10-11T08:04:12.942Z"}
{"level":"info","message":"âŒ› Validating estudiante.wlk","timeElapsed":101,"timestamp":"2025-10-11T08:04:13.045Z"}
{"level":"info","message":"âŒ› Validating estudiante.wlk","timeElapsed":107,"timestamp":"2025-10-11T08:04:13.282Z"}
{"level":"info","message":"âŒ› Validating estudiante.wlk","timeElapsed":102,"timestamp":"2025-10-11T08:04:13.444Z"}
{"level":"info","message":"âŒ› Validating estudiante.wlk","timeElapsed":104,"timestamp":"2025-10-11T08:04:13.604Z"}
{"level":"info","message":"âŒ› Validating estudiante.wlk","timeElapsed":103,"timestamp":"2025-10-11T08:04:13.921Z"}
{"level":"info","message":"âŒ› Validating estudiante.wlk","timeElapsed":103,"timestamp":"2025-10-11T08:04:14.651Z"}
{"level":"info","message":"âŒ› Validating estudiante.wlk","timeElapsed":127,"timestamp":"2025-10-11T08:04:14.837Z"}
{"level":"info","message":"âŒ› Validating estudiante.wlk","timeElapsed":101,"timestamp":"2025-10-11T08:04:18.442Z"}
{"level":"info","message":"âŒ› Validating estudiante.wlk","timeElapsed":103,"timestamp":"2025-10-11T08:04:19.240Z"}
{"level":"info","message":"âŒ› Validating estudiante.wlk","timeElapsed":168,"timestamp":"2025-10-11T08:04:19.609Z"}
{"level":"info","message":"âŒ› Validating estudiante.wlk","timeElapsed":101,"timestamp":"2025-10-11T08:04:20.718Z"}
{"level":"info","message":"âŒ› Validating estudiante.wlk","timeElapsed":104,"timestamp":"2025-10-11T08:04:20.977Z"}
{"level":"info","message":"âŒ› Validating estudiante.wlk","timeElapsed":112,"timestamp":"2025-10-11T08:04:21.181Z"}
{"level":"info","message":"âŒ› Validating estudiante.wlk","timeElapsed":110,"timestamp":"2025-10-11T08:04:45.434Z"}
{"level":"info","message":"âŒ› Validating estudiante.wlk","timeElapsed":102,"timestamp":"2025-10-11T08:04:47.539Z"}
{"level":"info","message":"âŒ› Validating estudiante.wlk","timeElapsed":105,"timestamp":"2025-10-11T08:04:48.546Z"}
{"level":"info","message":"âŒ› Validating estudiante.wlk","timeElapsed":104,"timestamp":"2025-10-11T08:04:48.762Z"}
{"level":"info","message":"âŒ› Validating estudiante.wlk","timeElapsed":119,"timestamp":"2025-10-11T08:04:48.882Z"}
{"level":"info","message":"âŒ› Validating estudiante.wlk","timeElapsed":103,"timestamp":"2025-10-11T08:04:49.197Z"}
{"level":"info","message":"âŒ› Validating estudiante.wlk","timeElapsed":104,"timestamp":"2025-10-11T08:04:49.684Z"}
{"level":"info","message":"âŒ› Building environment","timeElapsed":125,"timestamp":"2025-10-11T08:04:50.127Z"}
{"level":"info","message":"âŒ› Validating estudiante.wlk","timeElapsed":104,"timestamp":"2025-10-11T08:04:50.231Z"}
{"level":"info","message":"âŒ› Validating estudiante.wlk","timeElapsed":106,"timestamp":"2025-10-11T08:04:50.799Z"}
{"level":"info","message":"âŒ› Validating estudiante.wlk","timeElapsed":103,"timestamp":"2025-10-11T08:04:50.959Z"}
{"level":"info","message":"âŒ› Validating estudiante.wlk","timeElapsed":104,"timestamp":"2025-10-11T08:04:51.118Z"}
{"level":"info","message":"âŒ› Validating estudiante.wlk","timeElapsed":111,"timestamp":"2025-10-11T08:04:51.581Z"}
{"level":"info","message":"âŒ› Validating estudiante.wlk","timeElapsed":106,"timestamp":"2025-10-11T08:04:51.896Z"}
{"level":"info","message":"âŒ› Validating estudiante.wlk","timeElapsed":101,"timestamp":"2025-10-11T08:04:52.063Z"}
{"level":"info","message":"âŒ› Validating estudiante.wlk","timeElapsed":106,"timestamp":"2025-10-11T08:04:53.340Z"}
{"level":"info","message":"âŒ› Validating estudiante.wlk","timeElapsed":125,"timestamp":"2025-10-11T08:04:53.968Z"}
{"level":"info","message":"âŒ› Validating estudiante.wlk","timeElapsed":116,"timestamp":"2025-10-11T08:04:54.148Z"}
{"level":"info","message":"âŒ› Validating estudiante.wlk","timeElapsed":121,"timestamp":"2025-10-11T08:04:54.803Z"}
{"level":"info","message":"âŒ› Validating estudiante.wlk","timeElapsed":105,"timestamp":"2025-10-11T08:04:55.038Z"}
{"level":"info","message":"âŒ› Validating estudiante.wlk","timeElapsed":101,"timestamp":"2025-10-11T08:04:55.368Z"}
{"level":"info","message":"âŒ› Validating estudiante.wlk","timeElapsed":134,"timestamp":"2025-10-11T08:04:55.790Z"}
{"level":"info","message":"âŒ› Validating estudiante.wlk","timeElapsed":101,"timestamp":"2025-10-11T08:04:58.133Z"}
{"level":"info","message":"âŒ› Validating estudiante.wlk","timeElapsed":109,"timestamp":"2025-10-11T08:04:58.360Z"}
{"level":"info","message":"âŒ› Validating estudiante.wlk","timeElapsed":117,"timestamp":"2025-10-11T08:04:58.791Z"}
{"level":"info","message":"âŒ› Building environment","timeElapsed":111,"timestamp":"2025-10-11T08:04:58.903Z"}
{"level":"info","message":"âŒ› Validating estudiante.wlk","timeElapsed":112,"timestamp":"2025-10-11T08:04:59.016Z"}
{"level":"info","message":"âŒ› Validating estudiante.wlk","timeElapsed":116,"timestamp":"2025-10-11T08:04:59.437Z"}
{"level":"info","message":"âŒ› Validating estudiante.wlk","timeElapsed":103,"timestamp":"2025-10-11T08:05:00.315Z"}
{"level":"info","message":"âŒ› Building environment","timeElapsed":102,"timestamp":"2025-10-11T08:05:00.514Z"}
{"level":"info","message":"âŒ› Validating estudiante.wlk","timeElapsed":102,"timestamp":"2025-10-11T08:05:03.244Z"}
{"level":"info","message":"âŒ› Building environment","timeElapsed":111,"timestamp":"2025-10-11T08:05:03.361Z"}
{"level":"info","message":"âŒ› Validating estudiante.wlk","timeElapsed":105,"timestamp":"2025-10-11T08:05:03.533Z"}
{"level":"info","message":"âŒ› Validating estudiante.wlk","timeElapsed":109,"timestamp":"2025-10-11T08:05:03.854Z"}
{"level":"info","message":"âŒ› Validating estudiante.wlk","timeElapsed":102,"timestamp":"2025-10-11T08:05:04.105Z"}
{"level":"info","message":"âŒ› Validating estudiante.wlk","timeElapsed":101,"timestamp":"2025-10-11T08:05:04.268Z"}
{"level":"info","message":"âŒ› Validating estudiante.wlk","timeElapsed":170,"timestamp":"2025-10-11T08:05:04.515Z"}
{"level":"info","message":"âŒ› Validating estudiante.wlk","timeElapsed":128,"timestamp":"2025-10-11T08:05:04.723Z"}
{"level":"info","message":"âŒ› Validating estudiante.wlk","timeElapsed":104,"timestamp":"2025-10-11T08:05:05.687Z"}
{"level":"info","message":"âŒ› Building environment","timeElapsed":107,"timestamp":"2025-10-11T08:05:23.711Z"}
{"level":"info","message":"âŒ› Validating test.wtest","timeElapsed":107,"timestamp":"2025-10-11T08:05:23.820Z"}
{"level":"info","message":"âŒ› Validating test.wtest","timeElapsed":154,"timestamp":"2025-10-11T08:05:24.204Z"}
{"level":"info","message":"âŒ› Validating test.wtest","timeElapsed":104,"timestamp":"2025-10-11T08:05:24.482Z"}
{"level":"info","message":"âŒ› Validating test.wtest","timeElapsed":102,"timestamp":"2025-10-11T08:05:25.864Z"}
{"level":"info","message":"âŒ› Validating test.wtest","timeElapsed":101,"timestamp":"2025-10-11T08:05:28.088Z"}
{"level":"error","message":"âœ˜ Completions for node Send ([49:5, 49:30] - test.wtest) failed: Error: [Send]{f69174} at test.wtest:49 exhausted all cases without a match [Send]{f69174} at test.wtest:49 exhausted all cases without a match","stack":"Error: [Send]{f69174} at test.wtest:49 exhausted all cases without a match\n    at c:\\Users\\Feche\\.vscode\\extensions\\uqbar.wollok-lsp-ide-0.5.3\\out\\server\\src\\server.js:38:6142\n    at D2 (c:\\Users\\Feche\\.vscode\\extensions\\uqbar.wollok-lsp-ide-0.5.3\\out\\server\\src\\server.js:2384:42)\n    at Qh (c:\\Users\\Feche\\.vscode\\extensions\\uqbar.wollok-lsp-ide-0.5.3\\out\\server\\src\\server.js:2384:1092)\n    at k6n (c:\\Users\\Feche\\.vscode\\extensions\\uqbar.wollok-lsp-ide-0.5.3\\out\\server\\src\\server.js:2384:1248)\n    at c:\\Users\\Feche\\.vscode\\extensions\\uqbar.wollok-lsp-ide-0.5.3\\out\\server\\src\\server.js:38:6131\n    at D2 (c:\\Users\\Feche\\.vscode\\extensions\\uqbar.wollok-lsp-ide-0.5.3\\out\\server\\src\\server.js:2384:42)\n    at c:\\Users\\Feche\\.vscode\\extensions\\uqbar.wollok-lsp-ide-0.5.3\\out\\server\\src\\server.js:2384:2988\n    at c:\\Users\\Feche\\.vscode\\extensions\\uqbar.wollok-lsp-ide-0.5.3\\out\\server\\src\\server.js:2393:8440\n    at c:\\Users\\Feche\\.vscode\\extensions\\uqbar.wollok-lsp-ide-0.5.3\\out\\server\\src\\server.js:37:74872\n    at Ye (c:\\Users\\Feche\\.vscode\\extensions\\uqbar.wollok-lsp-ide-0.5.3\\out\\server\\src\\server.js:7:8527)","timestamp":"2025-10-11T08:05:32.736Z"}
{"level":"info","message":"âŒ› Validating test.wtest","timeElapsed":101,"timestamp":"2025-10-11T08:05:32.840Z"}
{"level":"info","message":"âŒ› Building environment","timeElapsed":107,"timestamp":"2025-10-11T08:05:33.512Z"}
{"level":"info","message":"âŒ› Building environment","timeElapsed":187,"timestamp":"2025-10-11T08:05:33.797Z"}
{"level":"error","message":"âœ˜ Completions for node Send ([49:5, 49:36] - test.wtest) failed: Error: [Send]{12d558} at test.wtest:49 exhausted all cases without a match [Send]{12d558} at test.wtest:49 exhausted all cases without a match","stack":"Error: [Send]{12d558} at test.wtest:49 exhausted all cases without a match\n    at c:\\Users\\Feche\\.vscode\\extensions\\uqbar.wollok-lsp-ide-0.5.3\\out\\server\\src\\server.js:38:6142\n    at D2 (c:\\Users\\Feche\\.vscode\\extensions\\uqbar.wollok-lsp-ide-0.5.3\\out\\server\\src\\server.js:2384:42)\n    at Qh (c:\\Users\\Feche\\.vscode\\extensions\\uqbar.wollok-lsp-ide-0.5.3\\out\\server\\src\\server.js:2384:1092)\n    at k6n (c:\\Users\\Feche\\.vscode\\extensions\\uqbar.wollok-lsp-ide-0.5.3\\out\\server\\src\\server.js:2384:1248)\n    at c:\\Users\\Feche\\.vscode\\extensions\\uqbar.wollok-lsp-ide-0.5.3\\out\\server\\src\\server.js:38:6131\n    at D2 (c:\\Users\\Feche\\.vscode\\extensions\\uqbar.wollok-lsp-ide-0.5.3\\out\\server\\src\\server.js:2384:42)\n    at c:\\Users\\Feche\\.vscode\\extensions\\uqbar.wollok-lsp-ide-0.5.3\\out\\server\\src\\server.js:2384:2988\n    at c:\\Users\\Feche\\.vscode\\extensions\\uqbar.wollok-lsp-ide-0.5.3\\out\\server\\src\\server.js:2393:8440\n    at c:\\Users\\Feche\\.vscode\\extensions\\uqbar.wollok-lsp-ide-0.5.3\\out\\server\\src\\server.js:37:74872\n    at Ye (c:\\Users\\Feche\\.vscode\\extensions\\uqbar.wollok-lsp-ide-0.5.3\\out\\server\\src\\server.js:7:8527)","timestamp":"2025-10-11T08:05:33.823Z"}
{"level":"error","message":"âœ˜ Completions for node Send ([49:5, 49:37] - test.wtest) failed: Error: [Send]{ba0a99} at test.wtest:49 exhausted all cases without a match [Send]{ba0a99} at test.wtest:49 exhausted all cases without a match","stack":"Error: [Send]{ba0a99} at test.wtest:49 exhausted all cases without a match\n    at c:\\Users\\Feche\\.vscode\\extensions\\uqbar.wollok-lsp-ide-0.5.3\\out\\server\\src\\server.js:38:6142\n    at D2 (c:\\Users\\Feche\\.vscode\\extensions\\uqbar.wollok-lsp-ide-0.5.3\\out\\server\\src\\server.js:2384:42)\n    at Qh (c:\\Users\\Feche\\.vscode\\extensions\\uqbar.wollok-lsp-ide-0.5.3\\out\\server\\src\\server.js:2384:1092)\n    at k6n (c:\\Users\\Feche\\.vscode\\extensions\\uqbar.wollok-lsp-ide-0.5.3\\out\\server\\src\\server.js:2384:1248)\n    at c:\\Users\\Feche\\.vscode\\extensions\\uqbar.wollok-lsp-ide-0.5.3\\out\\server\\src\\server.js:38:6131\n    at D2 (c:\\Users\\Feche\\.vscode\\extensions\\uqbar.wollok-lsp-ide-0.5.3\\out\\server\\src\\server.js:2384:42)\n    at c:\\Users\\Feche\\.vscode\\extensions\\uqbar.wollok-lsp-ide-0.5.3\\out\\server\\src\\server.js:2384:2988\n    at c:\\Users\\Feche\\.vscode\\extensions\\uqbar.wollok-lsp-ide-0.5.3\\out\\server\\src\\server.js:2393:8440\n    at c:\\Users\\Feche\\.vscode\\extensions\\uqbar.wollok-lsp-ide-0.5.3\\out\\server\\src\\server.js:37:74872\n    at Ye (c:\\Users\\Feche\\.vscode\\extensions\\uqbar.wollok-lsp-ide-0.5.3\\out\\server\\src\\server.js:7:8527)","timestamp":"2025-10-11T08:05:34.103Z"}
{"level":"error","message":"âœ˜ Completions for node Send ([49:5, 49:30] - test.wtest) failed: Error: [Send]{b87574} at test.wtest:49 exhausted all cases without a match [Send]{b87574} at test.wtest:49 exhausted all cases without a match","stack":"Error: [Send]{b87574} at test.wtest:49 exhausted all cases without a match\n    at c:\\Users\\Feche\\.vscode\\extensions\\uqbar.wollok-lsp-ide-0.5.3\\out\\server\\src\\server.js:38:6142\n    at D2 (c:\\Users\\Feche\\.vscode\\extensions\\uqbar.wollok-lsp-ide-0.5.3\\out\\server\\src\\server.js:2384:42)\n    at Qh (c:\\Users\\Feche\\.vscode\\extensions\\uqbar.wollok-lsp-ide-0.5.3\\out\\server\\src\\server.js:2384:1092)\n    at k6n (c:\\Users\\Feche\\.vscode\\extensions\\uqbar.wollok-lsp-ide-0.5.3\\out\\server\\src\\server.js:2384:1248)\n    at c:\\Users\\Feche\\.vscode\\extensions\\uqbar.wollok-lsp-ide-0.5.3\\out\\server\\src\\server.js:38:6131\n    at D2 (c:\\Users\\Feche\\.vscode\\extensions\\uqbar.wollok-lsp-ide-0.5.3\\out\\server\\src\\server.js:2384:42)\n    at c:\\Users\\Feche\\.vscode\\extensions\\uqbar.wollok-lsp-ide-0.5.3\\out\\server\\src\\server.js:2384:2988\n    at c:\\Users\\Feche\\.vscode\\extensions\\uqbar.wollok-lsp-ide-0.5.3\\out\\server\\src\\server.js:2393:8440\n    at c:\\Users\\Feche\\.vscode\\extensions\\uqbar.wollok-lsp-ide-0.5.3\\out\\server\\src\\server.js:37:74872\n    at Ye (c:\\Users\\Feche\\.vscode\\extensions\\uqbar.wollok-lsp-ide-0.5.3\\out\\server\\src\\server.js:7:8527)","timestamp":"2025-10-11T08:05:35.066Z"}
{"level":"error","message":"âœ˜ Completions for node Send ([49:5, 49:32] - test.wtest) failed: Error: [Send]{cae3fe} at test.wtest:49 exhausted all cases without a match [Send]{cae3fe} at test.wtest:49 exhausted all cases without a match","stack":"Error: [Send]{cae3fe} at test.wtest:49 exhausted all cases without a match\n    at c:\\Users\\Feche\\.vscode\\extensions\\uqbar.wollok-lsp-ide-0.5.3\\out\\server\\src\\server.js:38:6142\n    at D2 (c:\\Users\\Feche\\.vscode\\extensions\\uqbar.wollok-lsp-ide-0.5.3\\out\\server\\src\\server.js:2384:42)\n    at Qh (c:\\Users\\Feche\\.vscode\\extensions\\uqbar.wollok-lsp-ide-0.5.3\\out\\server\\src\\server.js:2384:1092)\n    at k6n (c:\\Users\\Feche\\.vscode\\extensions\\uqbar.wollok-lsp-ide-0.5.3\\out\\server\\src\\server.js:2384:1248)\n    at c:\\Users\\Feche\\.vscode\\extensions\\uqbar.wollok-lsp-ide-0.5.3\\out\\server\\src\\server.js:38:6131\n    at D2 (c:\\Users\\Feche\\.vscode\\extensions\\uqbar.wollok-lsp-ide-0.5.3\\out\\server\\src\\server.js:2384:42)\n    at c:\\Users\\Feche\\.vscode\\extensions\\uqbar.wollok-lsp-ide-0.5.3\\out\\server\\src\\server.js:2384:2988\n    at c:\\Users\\Feche\\.vscode\\extensions\\uqbar.wollok-lsp-ide-0.5.3\\out\\server\\src\\server.js:2393:8440\n    at c:\\Users\\Feche\\.vscode\\extensions\\uqbar.wollok-lsp-ide-0.5.3\\out\\server\\src\\server.js:37:74872\n    at Ye (c:\\Users\\Feche\\.vscode\\extensions\\uqbar.wollok-lsp-ide-0.5.3\\out\\server\\src\\server.js:7:8527)","timestamp":"2025-10-11T08:05:35.330Z"}
{"level":"info","message":"âŒ› Validating test.wtest","timeElapsed":103,"timestamp":"2025-10-11T08:05:35.768Z"}
{"level":"error","message":"âœ˜ Completions for node Send ([49:5, 49:35] - test.wtest) failed: Error: [Send]{b3bd0d} at test.wtest:49 exhausted all cases without a match [Send]{b3bd0d} at test.wtest:49 exhausted all cases without a match","stack":"Error: [Send]{b3bd0d} at test.wtest:49 exhausted all cases without a match\n    at c:\\Users\\Feche\\.vscode\\extensions\\uqbar.wollok-lsp-ide-0.5.3\\out\\server\\src\\server.js:38:6142\n    at D2 (c:\\Users\\Feche\\.vscode\\extensions\\uqbar.wollok-lsp-ide-0.5.3\\out\\server\\src\\server.js:2384:42)\n    at Qh (c:\\Users\\Feche\\.vscode\\extensions\\uqbar.wollok-lsp-ide-0.5.3\\out\\server\\src\\server.js:2384:1092)\n    at k6n (c:\\Users\\Feche\\.vscode\\extensions\\uqbar.wollok-lsp-ide-0.5.3\\out\\server\\src\\server.js:2384:1248)\n    at c:\\Users\\Feche\\.vscode\\extensions\\uqbar.wollok-lsp-ide-0.5.3\\out\\server\\src\\server.js:38:6131\n    at D2 (c:\\Users\\Feche\\.vscode\\extensions\\uqbar.wollok-lsp-ide-0.5.3\\out\\server\\src\\server.js:2384:42)\n    at c:\\Users\\Feche\\.vscode\\extensions\\uqbar.wollok-lsp-ide-0.5.3\\out\\server\\src\\server.js:2384:2988\n    at c:\\Users\\Feche\\.vscode\\extensions\\uqbar.wollok-lsp-ide-0.5.3\\out\\server\\src\\server.js:2393:8440\n    at c:\\Users\\Feche\\.vscode\\extensions\\uqbar.wollok-lsp-ide-0.5.3\\out\\server\\src\\server.js:37:74872\n    at Ye (c:\\Users\\Feche\\.vscode\\extensions\\uqbar.wollok-lsp-ide-0.5.3\\out\\server\\src\\server.js:7:8527)","timestamp":"2025-10-11T08:05:35.949Z"}
{"level":"info","message":"âŒ› Building environment","timeElapsed":102,"timestamp":"2025-10-11T08:05:36.386Z"}
{"level":"info","message":"âŒ› Validating test.wtest","timeElapsed":178,"timestamp":"2025-10-11T08:05:36.590Z"}
{"level":"info","message":"âŒ› Building environment","timeElapsed":155,"timestamp":"2025-10-11T08:05:36.745Z"}
{"level":"error","message":"âœ˜ Completions for node Send ([49:5, 49:41] - test.wtest) failed: Error: [Send]{6fd025} at test.wtest:49 exhausted all cases without a match [Send]{6fd025} at test.wtest:49 exhausted all cases without a match","stack":"Error: [Send]{6fd025} at test.wtest:49 exhausted all cases without a match\n    at c:\\Users\\Feche\\.vscode\\extensions\\uqbar.wollok-lsp-ide-0.5.3\\out\\server\\src\\server.js:38:6142\n    at D2 (c:\\Users\\Feche\\.vscode\\extensions\\uqbar.wollok-lsp-ide-0.5.3\\out\\server\\src\\server.js:2384:42)\n    at Qh (c:\\Users\\Feche\\.vscode\\extensions\\uqbar.wollok-lsp-ide-0.5.3\\out\\server\\src\\server.js:2384:1092)\n    at k6n (c:\\Users\\Feche\\.vscode\\extensions\\uqbar.wollok-lsp-ide-0.5.3\\out\\server\\src\\server.js:2384:1248)\n    at c:\\Users\\Feche\\.vscode\\extensions\\uqbar.wollok-lsp-ide-0.5.3\\out\\server\\src\\server.js:38:6131\n    at D2 (c:\\Users\\Feche\\.vscode\\extensions\\uqbar.wollok-lsp-ide-0.5.3\\out\\server\\src\\server.js:2384:42)\n    at c:\\Users\\Feche\\.vscode\\extensions\\uqbar.wollok-lsp-ide-0.5.3\\out\\server\\src\\server.js:2384:2988\n    at c:\\Users\\Feche\\.vscode\\extensions\\uqbar.wollok-lsp-ide-0.5.3\\out\\server\\src\\server.js:2393:8440\n    at c:\\Users\\Feche\\.vscode\\extensions\\uqbar.wollok-lsp-ide-0.5.3\\out\\server\\src\\server.js:37:74872\n    at Ye (c:\\Users\\Feche\\.vscode\\extensions\\uqbar.wollok-lsp-ide-0.5.3\\out\\server\\src\\server.js:7:8527)","timestamp":"2025-10-11T08:05:36.997Z"}
{"level":"info","message":"âŒ› Validating test.wtest","timeElapsed":101,"timestamp":"2025-10-11T08:05:37.170Z"}
{"level":"error","message":"âœ˜ Completions for node Send ([49:5, 49:43] - test.wtest) failed: Error: [Send]{70d02c} at test.wtest:49 exhausted all cases without a match [Send]{70d02c} at test.wtest:49 exhausted all cases without a match","stack":"Error: [Send]{70d02c} at test.wtest:49 exhausted all cases without a match\n    at c:\\Users\\Feche\\.vscode\\extensions\\uqbar.wollok-lsp-ide-0.5.3\\out\\server\\src\\server.js:38:6142\n    at D2 (c:\\Users\\Feche\\.vscode\\extensions\\uqbar.wollok-lsp-ide-0.5.3\\out\\server\\src\\server.js:2384:42)\n    at Qh (c:\\Users\\Feche\\.vscode\\extensions\\uqbar.wollok-lsp-ide-0.5.3\\out\\server\\src\\server.js:2384:1092)\n    at k6n (c:\\Users\\Feche\\.vscode\\extensions\\uqbar.wollok-lsp-ide-0.5.3\\out\\server\\src\\server.js:2384:1248)\n    at c:\\Users\\Feche\\.vscode\\extensions\\uqbar.wollok-lsp-ide-0.5.3\\out\\server\\src\\server.js:38:6131\n    at D2 (c:\\Users\\Feche\\.vscode\\extensions\\uqbar.wollok-lsp-ide-0.5.3\\out\\server\\src\\server.js:2384:42)\n    at c:\\Users\\Feche\\.vscode\\extensions\\uqbar.wollok-lsp-ide-0.5.3\\out\\server\\src\\server.js:2384:2988\n    at c:\\Users\\Feche\\.vscode\\extensions\\uqbar.wollok-lsp-ide-0.5.3\\out\\server\\src\\server.js:2393:8440\n    at c:\\Users\\Feche\\.vscode\\extensions\\uqbar.wollok-lsp-ide-0.5.3\\out\\server\\src\\server.js:37:74872\n    at Ye (c:\\Users\\Feche\\.vscode\\extensions\\uqbar.wollok-lsp-ide-0.5.3\\out\\server\\src\\server.js:7:8527)","timestamp":"2025-10-11T08:05:37.452Z"}
{"level":"info","message":"âŒ› Building environment","timeElapsed":112,"timestamp":"2025-10-11T08:05:37.665Z"}
{"level":"info","message":"âŒ› Building environment","timeElapsed":111,"timestamp":"2025-10-11T08:05:38.001Z"}
{"level":"error","message":"âœ˜ Completions for node Send ([49:5, 49:47] - test.wtest) failed: Error: [Send]{4a39a9} at test.wtest:49 exhausted all cases without a match [Send]{4a39a9} at test.wtest:49 exhausted all cases without a match","stack":"Error: [Send]{4a39a9} at test.wtest:49 exhausted all cases without a match\n    at c:\\Users\\Feche\\.vscode\\extensions\\uqbar.wollok-lsp-ide-0.5.3\\out\\server\\src\\server.js:38:6142\n    at D2 (c:\\Users\\Feche\\.vscode\\extensions\\uqbar.wollok-lsp-ide-0.5.3\\out\\server\\src\\server.js:2384:42)\n    at Qh (c:\\Users\\Feche\\.vscode\\extensions\\uqbar.wollok-lsp-ide-0.5.3\\out\\server\\src\\server.js:2384:1092)\n    at k6n (c:\\Users\\Feche\\.vscode\\extensions\\uqbar.wollok-lsp-ide-0.5.3\\out\\server\\src\\server.js:2384:1248)\n    at c:\\Users\\Feche\\.vscode\\extensions\\uqbar.wollok-lsp-ide-0.5.3\\out\\server\\src\\server.js:38:6131\n    at D2 (c:\\Users\\Feche\\.vscode\\extensions\\uqbar.wollok-lsp-ide-0.5.3\\out\\server\\src\\server.js:2384:42)\n    at c:\\Users\\Feche\\.vscode\\extensions\\uqbar.wollok-lsp-ide-0.5.3\\out\\server\\src\\server.js:2384:2988\n    at c:\\Users\\Feche\\.vscode\\extensions\\uqbar.wollok-lsp-ide-0.5.3\\out\\server\\src\\server.js:2393:8440\n    at c:\\Users\\Feche\\.vscode\\extensions\\uqbar.wollok-lsp-ide-0.5.3\\out\\server\\src\\server.js:37:74872\n    at Ye (c:\\Users\\Feche\\.vscode\\extensions\\uqbar.wollok-lsp-ide-0.5.3\\out\\server\\src\\server.js:7:8527)","timestamp":"2025-10-11T08:05:38.027Z"}
{"level":"info","message":"âŒ› Validating test.wtest","timeElapsed":141,"timestamp":"2025-10-11T08:05:38.560Z"}
{"level":"info","message":"âŒ› Validating test.wtest","timeElapsed":127,"timestamp":"2025-10-11T08:05:38.687Z"}
{"level":"info","message":"âŒ› Building environment","timeElapsed":267,"timestamp":"2025-10-11T08:05:48.441Z"}
{"level":"info","message":"âŒ› Validating test.wtest","timeElapsed":102,"timestamp":"2025-10-11T08:05:48.615Z"}
{"level":"info","message":"âŒ› Building environment","timeElapsed":350,"timestamp":"2025-10-11T08:05:49.106Z"}
{"level":"info","message":"âŒ› Validating test.wtest","timeElapsed":143,"timestamp":"2025-10-11T08:05:50.209Z"}
{"level":"info","message":"âŒ› Building environment","timeElapsed":111,"timestamp":"2025-10-11T08:05:53.068Z"}
{"level":"info","message":"âŒ› Building environment","timeElapsed":152,"timestamp":"2025-10-11T08:05:53.560Z"}
{"level":"info","message":"âŒ› Building environment","timeElapsed":160,"timestamp":"2025-10-11T08:05:55.481Z"}
{"level":"info","message":"âŒ› Validating test.wtest","timeElapsed":110,"timestamp":"2025-10-11T08:05:55.592Z"}
{"level":"info","message":"âŒ› Validating test.wtest","timeElapsed":102,"timestamp":"2025-10-11T08:05:55.757Z"}
{"level":"info","message":"âŒ› Validating test.wtest","timeElapsed":120,"timestamp":"2025-10-11T08:05:57.421Z"}
{"level":"info","message":"âŒ› Validating test.wtest","timeElapsed":120,"timestamp":"2025-10-11T08:05:57.542Z"}
{"level":"info","message":"âŒ› Validating test.wtest","timeElapsed":178,"timestamp":"2025-10-11T08:05:57.806Z"}
{"level":"info","message":"âŒ› Validating test.wtest","timeElapsed":112,"timestamp":"2025-10-11T08:05:58.797Z"}
{"level":"info","message":"âŒ› Validating test.wtest","timeElapsed":123,"timestamp":"2025-10-11T08:05:59.812Z"}
{"level":"info","message":"âŒ› Validating test.wtest","timeElapsed":124,"timestamp":"2025-10-11T08:06:09.974Z"}
{"level":"info","message":"âŒ› Validating test.wtest","timeElapsed":101,"timestamp":"2025-10-11T08:06:13.326Z"}
{"level":"info","message":"âŒ› Validating test.wtest","timeElapsed":118,"timestamp":"2025-10-11T08:06:13.849Z"}
{"level":"info","message":"âŒ› Validating test.wtest","timeElapsed":102,"timestamp":"2025-10-11T08:06:14.456Z"}
{"level":"info","message":"âŒ› Validating test.wtest","timeElapsed":102,"timestamp":"2025-10-11T08:06:14.699Z"}
{"level":"info","message":"âŒ› Validating test.wtest","timeElapsed":138,"timestamp":"2025-10-11T08:06:16.244Z"}
{"level":"info","message":"âŒ› Validating test.wtest","timeElapsed":110,"timestamp":"2025-10-11T08:06:26.455Z"}
{"level":"info","message":"âŒ› Validating test.wtest","timeElapsed":108,"timestamp":"2025-10-11T08:06:26.632Z"}
{"level":"info","message":"âŒ› Validating test.wtest","timeElapsed":102,"timestamp":"2025-10-11T08:06:26.798Z"}
{"level":"info","message":"âŒ› Validating test.wtest","timeElapsed":108,"timestamp":"2025-10-11T08:06:26.975Z"}
{"level":"info","message":"âŒ› Validating test.wtest","timeElapsed":104,"timestamp":"2025-10-11T08:06:27.141Z"}
{"level":"info","message":"âŒ› Validating test.wtest","timeElapsed":102,"timestamp":"2025-10-11T08:06:27.374Z"}
{"level":"info","message":"âŒ› Validating test.wtest","timeElapsed":119,"timestamp":"2025-10-11T08:06:27.504Z"}
{"level":"info","message":"âŒ› Building environment","timeElapsed":139,"timestamp":"2025-10-11T08:06:27.643Z"}
{"level":"info","message":"âŒ› Validating test.wtest","timeElapsed":102,"timestamp":"2025-10-11T08:06:28.653Z"}
{"level":"info","message":"âŒ› Building environment","timeElapsed":110,"timestamp":"2025-10-11T08:06:30.192Z"}
{"level":"info","message":"âŒ› Building environment","timeElapsed":108,"timestamp":"2025-10-11T08:06:30.951Z"}
{"level":"info","message":"âŒ› Validating test.wtest","timeElapsed":153,"timestamp":"2025-10-11T08:06:31.105Z"}
{"level":"info","message":"âŒ› Validating test.wtest","timeElapsed":103,"timestamp":"2025-10-11T08:06:31.473Z"}
{"level":"error","message":"âœ˜ Completions for node Send ([49:5, 49:35] - test.wtest) failed: Error: [Send]{63423f} at test.wtest:49 exhausted all cases without a match [Send]{63423f} at test.wtest:49 exhausted all cases without a match","stack":"Error: [Send]{63423f} at test.wtest:49 exhausted all cases without a match\n    at c:\\Users\\Feche\\.vscode\\extensions\\uqbar.wollok-lsp-ide-0.5.3\\out\\server\\src\\server.js:38:6142\n    at D2 (c:\\Users\\Feche\\.vscode\\extensions\\uqbar.wollok-lsp-ide-0.5.3\\out\\server\\src\\server.js:2384:42)\n    at Qh (c:\\Users\\Feche\\.vscode\\extensions\\uqbar.wollok-lsp-ide-0.5.3\\out\\server\\src\\server.js:2384:1092)\n    at k6n (c:\\Users\\Feche\\.vscode\\extensions\\uqbar.wollok-lsp-ide-0.5.3\\out\\server\\src\\server.js:2384:1248)\n    at c:\\Users\\Feche\\.vscode\\extensions\\uqbar.wollok-lsp-ide-0.5.3\\out\\server\\src\\server.js:38:6131\n    at D2 (c:\\Users\\Feche\\.vscode\\extensions\\uqbar.wollok-lsp-ide-0.5.3\\out\\server\\src\\server.js:2384:42)\n    at c:\\Users\\Feche\\.vscode\\extensions\\uqbar.wollok-lsp-ide-0.5.3\\out\\server\\src\\server.js:2384:2988\n    at c:\\Users\\Feche\\.vscode\\extensions\\uqbar.wollok-lsp-ide-0.5.3\\out\\server\\src\\server.js:2393:8440\n    at c:\\Users\\Feche\\.vscode\\extensions\\uqbar.wollok-lsp-ide-0.5.3\\out\\server\\src\\server.js:37:74872\n    at Ye (c:\\Users\\Feche\\.vscode\\extensions\\uqbar.wollok-lsp-ide-0.5.3\\out\\server\\src\\server.js:7:8527)","timestamp":"2025-10-11T08:06:34.263Z"}
{"level":"error","message":"âœ˜ Completions for node Send ([49:5, 49:41] - test.wtest) failed: Error: [Send]{fd4ea1} at test.wtest:49 exhausted all cases without a match [Send]{fd4ea1} at test.wtest:49 exhausted all cases without a match","stack":"Error: [Send]{fd4ea1} at test.wtest:49 exhausted all cases without a match\n    at c:\\Users\\Feche\\.vscode\\extensions\\uqbar.wollok-lsp-ide-0.5.3\\out\\server\\src\\server.js:38:6142\n    at D2 (c:\\Users\\Feche\\.vscode\\extensions\\uqbar.wollok-lsp-ide-0.5.3\\out\\server\\src\\server.js:2384:42)\n    at Qh (c:\\Users\\Feche\\.vscode\\extensions\\uqbar.wollok-lsp-ide-0.5.3\\out\\server\\src\\server.js:2384:1092)\n    at k6n (c:\\Users\\Feche\\.vscode\\extensions\\uqbar.wollok-lsp-ide-0.5.3\\out\\server\\src\\server.js:2384:1248)\n    at c:\\Users\\Feche\\.vscode\\extensions\\uqbar.wollok-lsp-ide-0.5.3\\out\\server\\src\\server.js:38:6131\n    at D2 (c:\\Users\\Feche\\.vscode\\extensions\\uqbar.wollok-lsp-ide-0.5.3\\out\\server\\src\\server.js:2384:42)\n    at c:\\Users\\Feche\\.vscode\\extensions\\uqbar.wollok-lsp-ide-0.5.3\\out\\server\\src\\server.js:2384:2988\n    at c:\\Users\\Feche\\.vscode\\extensions\\uqbar.wollok-lsp-ide-0.5.3\\out\\server\\src\\server.js:2393:8440\n    at c:\\Users\\Feche\\.vscode\\extensions\\uqbar.wollok-lsp-ide-0.5.3\\out\\server\\src\\server.js:37:74872\n    at Ye (c:\\Users\\Feche\\.vscode\\extensions\\uqbar.wollok-lsp-ide-0.5.3\\out\\server\\src\\server.js:7:8527)","timestamp":"2025-10-11T08:06:35.473Z"}
{"level":"error","message":"âœ˜ Completions for node Send ([49:5, 49:43] - test.wtest) failed: Error: [Send]{d443ec} at test.wtest:49 exhausted all cases without a match [Send]{d443ec} at test.wtest:49 exhausted all cases without a match","stack":"Error: [Send]{d443ec} at test.wtest:49 exhausted all cases without a match\n    at c:\\Users\\Feche\\.vscode\\extensions\\uqbar.wollok-lsp-ide-0.5.3\\out\\server\\src\\server.js:38:6142\n    at D2 (c:\\Users\\Feche\\.vscode\\extensions\\uqbar.wollok-lsp-ide-0.5.3\\out\\server\\src\\server.js:2384:42)\n    at Qh (c:\\Users\\Feche\\.vscode\\extensions\\uqbar.wollok-lsp-ide-0.5.3\\out\\server\\src\\server.js:2384:1092)\n    at k6n (c:\\Users\\Feche\\.vscode\\extensions\\uqbar.wollok-lsp-ide-0.5.3\\out\\server\\src\\server.js:2384:1248)\n    at c:\\Users\\Feche\\.vscode\\extensions\\uqbar.wollok-lsp-ide-0.5.3\\out\\server\\src\\server.js:38:6131\n    at D2 (c:\\Users\\Feche\\.vscode\\extensions\\uqbar.wollok-lsp-ide-0.5.3\\out\\server\\src\\server.js:2384:42)\n    at c:\\Users\\Feche\\.vscode\\extensions\\uqbar.wollok-lsp-ide-0.5.3\\out\\server\\src\\server.js:2384:2988\n    at c:\\Users\\Feche\\.vscode\\extensions\\uqbar.wollok-lsp-ide-0.5.3\\out\\server\\src\\server.js:2393:8440\n    at c:\\Users\\Feche\\.vscode\\extensions\\uqbar.wollok-lsp-ide-0.5.3\\out\\server\\src\\server.js:37:74872\n    at Ye (c:\\Users\\Feche\\.vscode\\extensions\\uqbar.wollok-lsp-ide-0.5.3\\out\\server\\src\\server.js:7:8527)","timestamp":"2025-10-11T08:06:36.308Z"}
{"level":"info","message":"âŒ› Validating test.wtest","timeElapsed":125,"timestamp":"2025-10-11T08:06:36.437Z"}
{"level":"error","message":"âœ˜ Completions for node Send ([49:5, 49:44] - test.wtest) failed: Error: [Send]{ca3b42} at test.wtest:49 exhausted all cases without a match [Send]{ca3b42} at test.wtest:49 exhausted all cases without a match","stack":"Error: [Send]{ca3b42} at test.wtest:49 exhausted all cases without a match\n    at c:\\Users\\Feche\\.vscode\\extensions\\uqbar.wollok-lsp-ide-0.5.3\\out\\server\\src\\server.js:38:6142\n    at D2 (c:\\Users\\Feche\\.vscode\\extensions\\uqbar.wollok-lsp-ide-0.5.3\\out\\server\\src\\server.js:2384:42)\n    at Qh (c:\\Users\\Feche\\.vscode\\extensions\\uqbar.wollok-lsp-ide-0.5.3\\out\\server\\src\\server.js:2384:1092)\n    at k6n (c:\\Users\\Feche\\.vscode\\extensions\\uqbar.wollok-lsp-ide-0.5.3\\out\\server\\src\\server.js:2384:1248)\n    at c:\\Users\\Feche\\.vscode\\extensions\\uqbar.wollok-lsp-ide-0.5.3\\out\\server\\src\\server.js:38:6131\n    at D2 (c:\\Users\\Feche\\.vscode\\extensions\\uqbar.wollok-lsp-ide-0.5.3\\out\\server\\src\\server.js:2384:42)\n    at c:\\Users\\Feche\\.vscode\\extensions\\uqbar.wollok-lsp-ide-0.5.3\\out\\server\\src\\server.js:2384:2988\n    at c:\\Users\\Feche\\.vscode\\extensions\\uqbar.wollok-lsp-ide-0.5.3\\out\\server\\src\\server.js:2393:8440\n    at c:\\Users\\Feche\\.vscode\\extensions\\uqbar.wollok-lsp-ide-0.5.3\\out\\server\\src\\server.js:37:74872\n    at Ye (c:\\Users\\Feche\\.vscode\\extensions\\uqbar.wollok-lsp-ide-0.5.3\\out\\server\\src\\server.js:7:8527)","timestamp":"2025-10-11T08:06:36.522Z"}
{"level":"error","message":"âœ˜ Completions for node Send ([49:5, 49:46] - test.wtest) failed: Error: [Send]{de3a6a} at test.wtest:49 exhausted all cases without a match [Send]{de3a6a} at test.wtest:49 exhausted all cases without a match","stack":"Error: [Send]{de3a6a} at test.wtest:49 exhausted all cases without a match\n    at c:\\Users\\Feche\\.vscode\\extensions\\uqbar.wollok-lsp-ide-0.5.3\\out\\server\\src\\server.js:38:6142\n    at D2 (c:\\Users\\Feche\\.vscode\\extensions\\uqbar.wollok-lsp-ide-0.5.3\\out\\server\\src\\server.js:2384:42)\n    at Qh (c:\\Users\\Feche\\.vscode\\extensions\\uqbar.wollok-lsp-ide-0.5.3\\out\\server\\src\\server.js:2384:1092)\n    at k6n (c:\\Users\\Feche\\.vscode\\extensions\\uqbar.wollok-lsp-ide-0.5.3\\out\\server\\src\\server.js:2384:1248)\n    at c:\\Users\\Feche\\.vscode\\extensions\\uqbar.wollok-lsp-ide-0.5.3\\out\\server\\src\\server.js:38:6131\n    at D2 (c:\\Users\\Feche\\.vscode\\extensions\\uqbar.wollok-lsp-ide-0.5.3\\out\\server\\src\\server.js:2384:42)\n    at c:\\Users\\Feche\\.vscode\\extensions\\uqbar.wollok-lsp-ide-0.5.3\\out\\server\\src\\server.js:2384:2988\n    at c:\\Users\\Feche\\.vscode\\extensions\\uqbar.wollok-lsp-ide-0.5.3\\out\\server\\src\\server.js:2393:8440\n    at c:\\Users\\Feche\\.vscode\\extensions\\uqbar.wollok-lsp-ide-0.5.3\\out\\server\\src\\server.js:37:74872\n    at Ye (c:\\Users\\Feche\\.vscode\\extensions\\uqbar.wollok-lsp-ide-0.5.3\\out\\server\\src\\server.js:7:8527)","timestamp":"2025-10-11T08:06:36.779Z"}
{"level":"info","message":"âŒ› Building environment","timeElapsed":109,"timestamp":"2025-10-11T08:06:37.146Z"}
{"level":"error","message":"âœ˜ Completions for node Send ([49:5, 49:48] - test.wtest) failed: Error: [Send]{a1bb2a} at test.wtest:49 exhausted all cases without a match [Send]{a1bb2a} at test.wtest:49 exhausted all cases without a match","stack":"Error: [Send]{a1bb2a} at test.wtest:49 exhausted all cases without a match\n    at c:\\Users\\Feche\\.vscode\\extensions\\uqbar.wollok-lsp-ide-0.5.3\\out\\server\\src\\server.js:38:6142\n    at D2 (c:\\Users\\Feche\\.vscode\\extensions\\uqbar.wollok-lsp-ide-0.5.3\\out\\server\\src\\server.js:2384:42)\n    at Qh (c:\\Users\\Feche\\.vscode\\extensions\\uqbar.wollok-lsp-ide-0.5.3\\out\\server\\src\\server.js:2384:1092)\n    at k6n (c:\\Users\\Feche\\.vscode\\extensions\\uqbar.wollok-lsp-ide-0.5.3\\out\\server\\src\\server.js:2384:1248)\n    at c:\\Users\\Feche\\.vscode\\extensions\\uqbar.wollok-lsp-ide-0.5.3\\out\\server\\src\\server.js:38:6131\n    at D2 (c:\\Users\\Feche\\.vscode\\extensions\\uqbar.wollok-lsp-ide-0.5.3\\out\\server\\src\\server.js:2384:42)\n    at c:\\Users\\Feche\\.vscode\\extensions\\uqbar.wollok-lsp-ide-0.5.3\\out\\server\\src\\server.js:2384:2988\n    at c:\\Users\\Feche\\.vscode\\extensions\\uqbar.wollok-lsp-ide-0.5.3\\out\\server\\src\\server.js:2393:8440\n    at c:\\Users\\Feche\\.vscode\\extensions\\uqbar.wollok-lsp-ide-0.5.3\\out\\server\\src\\server.js:37:74872\n    at Ye (c:\\Users\\Feche\\.vscode\\extensions\\uqbar.wollok-lsp-ide-0.5.3\\out\\server\\src\\server.js:7:8527)","timestamp":"2025-10-11T08:06:37.168Z"}
{"level":"info","message":"âŒ› Validating test.wtest","timeElapsed":105,"timestamp":"2025-10-11T08:06:37.530Z"}
{"level":"error","message":"âœ˜ Completions for node Send ([49:28, 49:50] - test.wtest) failed: Error: [Send]{c243a2} at test.wtest:49 exhausted all cases without a match [Send]{c243a2} at test.wtest:49 exhausted all cases without a match","stack":"Error: [Send]{c243a2} at test.wtest:49 exhausted all cases without a match\n    at c:\\Users\\Feche\\.vscode\\extensions\\uqbar.wollok-lsp-ide-0.5.3\\out\\server\\src\\server.js:38:6142\n    at D2 (c:\\Users\\Feche\\.vscode\\extensions\\uqbar.wollok-lsp-ide-0.5.3\\out\\server\\src\\server.js:2384:42)\n    at Qh (c:\\Users\\Feche\\.vscode\\extensions\\uqbar.wollok-lsp-ide-0.5.3\\out\\server\\src\\server.js:2384:1092)\n    at k6n (c:\\Users\\Feche\\.vscode\\extensions\\uqbar.wollok-lsp-ide-0.5.3\\out\\server\\src\\server.js:2384:1248)\n    at c:\\Users\\Feche\\.vscode\\extensions\\uqbar.wollok-lsp-ide-0.5.3\\out\\server\\src\\server.js:38:6131\n    at D2 (c:\\Users\\Feche\\.vscode\\extensions\\uqbar.wollok-lsp-ide-0.5.3\\out\\server\\src\\server.js:2384:42)\n    at c:\\Users\\Feche\\.vscode\\extensions\\uqbar.wollok-lsp-ide-0.5.3\\out\\server\\src\\server.js:2384:2988\n    at c:\\Users\\Feche\\.vscode\\extensions\\uqbar.wollok-lsp-ide-0.5.3\\out\\server\\src\\server.js:2393:8440\n    at c:\\Users\\Feche\\.vscode\\extensions\\uqbar.wollok-lsp-ide-0.5.3\\out\\server\\src\\server.js:37:74872\n    at Ye (c:\\Users\\Feche\\.vscode\\extensions\\uqbar.wollok-lsp-ide-0.5.3\\out\\server\\src\\server.js:7:8527)","timestamp":"2025-10-11T08:06:38.244Z"}
{"level":"error","message":"âœ˜ Completions for node Send ([49:5, 49:51] - test.wtest) failed: Error: [Send]{9d3189} at test.wtest:49 exhausted all cases without a match [Send]{9d3189} at test.wtest:49 exhausted all cases without a match","stack":"Error: [Send]{9d3189} at test.wtest:49 exhausted all cases without a match\n    at c:\\Users\\Feche\\.vscode\\extensions\\uqbar.wollok-lsp-ide-0.5.3\\out\\server\\src\\server.js:38:6142\n    at D2 (c:\\Users\\Feche\\.vscode\\extensions\\uqbar.wollok-lsp-ide-0.5.3\\out\\server\\src\\server.js:2384:42)\n    at Qh (c:\\Users\\Feche\\.vscode\\extensions\\uqbar.wollok-lsp-ide-0.5.3\\out\\server\\src\\server.js:2384:1092)\n    at D2 (c:\\Users\\Feche\\.vscode\\extensions\\uqbar.wollok-lsp-ide-0.5.3\\out\\server\\src\\server.js:2384:544)\n    at Qh (c:\\Users\\Feche\\.vscode\\extensions\\uqbar.wollok-lsp-ide-0.5.3\\out\\server\\src\\server.js:2384:1092)\n    at k6n (c:\\Users\\Feche\\.vscode\\extensions\\uqbar.wollok-lsp-ide-0.5.3\\out\\server\\src\\server.js:2384:1248)\n    at c:\\Users\\Feche\\.vscode\\extensions\\uqbar.wollok-lsp-ide-0.5.3\\out\\server\\src\\server.js:38:6131\n    at D2 (c:\\Users\\Feche\\.vscode\\extensions\\uqbar.wollok-lsp-ide-0.5.3\\out\\server\\src\\server.js:2384:42)\n    at c:\\Users\\Feche\\.vscode\\extensions\\uqbar.wollok-lsp-ide-0.5.3\\out\\server\\src\\server.js:2384:2988\n    at c:\\Users\\Feche\\.vscode\\extensions\\uqbar.wollok-lsp-ide-0.5.3\\out\\server\\src\\server.js:2393:8440","timestamp":"2025-10-11T08:06:38.244Z"}
{"level":"info","message":"âŒ› Validating test.wtest","timeElapsed":119,"timestamp":"2025-10-11T08:06:39.421Z"}
{"level":"error","message":"âœ˜ Completions for node Send ([49:28, 49:56] - test.wtest) failed: Error: [Send]{1e1eaf} at test.wtest:49 exhausted all cases without a match [Send]{1e1eaf} at test.wtest:49 exhausted all cases without a match","stack":"Error: [Send]{1e1eaf} at test.wtest:49 exhausted all cases without a match\n    at c:\\Users\\Feche\\.vscode\\extensions\\uqbar.wollok-lsp-ide-0.5.3\\out\\server\\src\\server.js:38:6142\n    at D2 (c:\\Users\\Feche\\.vscode\\extensions\\uqbar.wollok-lsp-ide-0.5.3\\out\\server\\src\\server.js:2384:42)\n    at Qh (c:\\Users\\Feche\\.vscode\\extensions\\uqbar.wollok-lsp-ide-0.5.3\\out\\server\\src\\server.js:2384:1092)\n    at k6n (c:\\Users\\Feche\\.vscode\\extensions\\uqbar.wollok-lsp-ide-0.5.3\\out\\server\\src\\server.js:2384:1248)\n    at c:\\Users\\Feche\\.vscode\\extensions\\uqbar.wollok-lsp-ide-0.5.3\\out\\server\\src\\server.js:38:6131\n    at D2 (c:\\Users\\Feche\\.vscode\\extensions\\uqbar.wollok-lsp-ide-0.5.3\\out\\server\\src\\server.js:2384:42)\n    at c:\\Users\\Feche\\.vscode\\extensions\\uqbar.wollok-lsp-ide-0.5.3\\out\\server\\src\\server.js:2384:2988\n    at c:\\Users\\Feche\\.vscode\\extensions\\uqbar.wollok-lsp-ide-0.5.3\\out\\server\\src\\server.js:2393:8440\n    at c:\\Users\\Feche\\.vscode\\extensions\\uqbar.wollok-lsp-ide-0.5.3\\out\\server\\src\\server.js:37:74872\n    at Ye (c:\\Users\\Feche\\.vscode\\extensions\\uqbar.wollok-lsp-ide-0.5.3\\out\\server\\src\\server.js:7:8527)","timestamp":"2025-10-11T08:06:40.584Z"}
{"level":"error","message":"âœ˜ Completions for node Send ([49:5, 49:57] - test.wtest) failed: Error: [Send]{49af11} at test.wtest:49 exhausted all cases without a match [Send]{49af11} at test.wtest:49 exhausted all cases without a match","stack":"Error: [Send]{49af11} at test.wtest:49 exhausted all cases without a match\n    at c:\\Users\\Feche\\.vscode\\extensions\\uqbar.wollok-lsp-ide-0.5.3\\out\\server\\src\\server.js:38:6142\n    at D2 (c:\\Users\\Feche\\.vscode\\extensions\\uqbar.wollok-lsp-ide-0.5.3\\out\\server\\src\\server.js:2384:42)\n    at Qh (c:\\Users\\Feche\\.vscode\\extensions\\uqbar.wollok-lsp-ide-0.5.3\\out\\server\\src\\server.js:2384:1092)\n    at D2 (c:\\Users\\Feche\\.vscode\\extensions\\uqbar.wollok-lsp-ide-0.5.3\\out\\server\\src\\server.js:2384:544)\n    at Qh (c:\\Users\\Feche\\.vscode\\extensions\\uqbar.wollok-lsp-ide-0.5.3\\out\\server\\src\\server.js:2384:1092)\n    at k6n (c:\\Users\\Feche\\.vscode\\extensions\\uqbar.wollok-lsp-ide-0.5.3\\out\\server\\src\\server.js:2384:1248)\n    at c:\\Users\\Feche\\.vscode\\extensions\\uqbar.wollok-lsp-ide-0.5.3\\out\\server\\src\\server.js:38:6131\n    at D2 (c:\\Users\\Feche\\.vscode\\extensions\\uqbar.wollok-lsp-ide-0.5.3\\out\\server\\src\\server.js:2384:42)\n    at c:\\Users\\Feche\\.vscode\\extensions\\uqbar.wollok-lsp-ide-0.5.3\\out\\server\\src\\server.js:2384:2988\n    at c:\\Users\\Feche\\.vscode\\extensions\\uqbar.wollok-lsp-ide-0.5.3\\out\\server\\src\\server.js:2393:8440","timestamp":"2025-10-11T08:06:40.584Z"}
{"level":"error","message":"âœ˜ Completions for node Send ([49:28, 49:57] - test.wtest) failed: Error: [Send]{d1c784} at test.wtest:49 exhausted all cases without a match [Send]{d1c784} at test.wtest:49 exhausted all cases without a match","stack":"Error: [Send]{d1c784} at test.wtest:49 exhausted all cases without a match\n    at c:\\Users\\Feche\\.vscode\\extensions\\uqbar.wollok-lsp-ide-0.5.3\\out\\server\\src\\server.js:38:6142\n    at D2 (c:\\Users\\Feche\\.vscode\\extensions\\uqbar.wollok-lsp-ide-0.5.3\\out\\server\\src\\server.js:2384:42)\n    at Qh (c:\\Users\\Feche\\.vscode\\extensions\\uqbar.wollok-lsp-ide-0.5.3\\out\\server\\src\\server.js:2384:1092)\n    at k6n (c:\\Users\\Feche\\.vscode\\extensions\\uqbar.wollok-lsp-ide-0.5.3\\out\\server\\src\\server.js:2384:1248)\n    at c:\\Users\\Feche\\.vscode\\extensions\\uqbar.wollok-lsp-ide-0.5.3\\out\\server\\src\\server.js:38:6131\n    at D2 (c:\\Users\\Feche\\.vscode\\extensions\\uqbar.wollok-lsp-ide-0.5.3\\out\\server\\src\\server.js:2384:42)\n    at c:\\Users\\Feche\\.vscode\\extensions\\uqbar.wollok-lsp-ide-0.5.3\\out\\server\\src\\server.js:2384:2988\n    at c:\\Users\\Feche\\.vscode\\extensions\\uqbar.wollok-lsp-ide-0.5.3\\out\\server\\src\\server.js:2393:8440\n    at c:\\Users\\Feche\\.vscode\\extensions\\uqbar.wollok-lsp-ide-0.5.3\\out\\server\\src\\server.js:37:74872\n    at Ye (c:\\Users\\Feche\\.vscode\\extensions\\uqbar.wollok-lsp-ide-0.5.3\\out\\server\\src\\server.js:7:8527)","timestamp":"2025-10-11T08:06:40.793Z"}
{"level":"error","message":"âœ˜ Completions for node Send ([49:5, 49:58] - test.wtest) failed: Error: [Send]{73d21c} at test.wtest:49 exhausted all cases without a match [Send]{73d21c} at test.wtest:49 exhausted all cases without a match","stack":"Error: [Send]{73d21c} at test.wtest:49 exhausted all cases without a match\n    at c:\\Users\\Feche\\.vscode\\extensions\\uqbar.wollok-lsp-ide-0.5.3\\out\\server\\src\\server.js:38:6142\n    at D2 (c:\\Users\\Feche\\.vscode\\extensions\\uqbar.wollok-lsp-ide-0.5.3\\out\\server\\src\\server.js:2384:42)\n    at Qh (c:\\Users\\Feche\\.vscode\\extensions\\uqbar.wollok-lsp-ide-0.5.3\\out\\server\\src\\server.js:2384:1092)\n    at D2 (c:\\Users\\Feche\\.vscode\\extensions\\uqbar.wollok-lsp-ide-0.5.3\\out\\server\\src\\server.js:2384:544)\n    at Qh (c:\\Users\\Feche\\.vscode\\extensions\\uqbar.wollok-lsp-ide-0.5.3\\out\\server\\src\\server.js:2384:1092)\n    at k6n (c:\\Users\\Feche\\.vscode\\extensions\\uqbar.wollok-lsp-ide-0.5.3\\out\\server\\src\\server.js:2384:1248)\n    at c:\\Users\\Feche\\.vscode\\extensions\\uqbar.wollok-lsp-ide-0.5.3\\out\\server\\src\\server.js:38:6131\n    at D2 (c:\\Users\\Feche\\.vscode\\extensions\\uqbar.wollok-lsp-ide-0.5.3\\out\\server\\src\\server.js:2384:42)\n    at c:\\Users\\Feche\\.vscode\\extensions\\uqbar.wollok-lsp-ide-0.5.3\\out\\server\\src\\server.js:2384:2988\n    at c:\\Users\\Feche\\.vscode\\extensions\\uqbar.wollok-lsp-ide-0.5.3\\out\\server\\src\\server.js:2393:8440","timestamp":"2025-10-11T08:06:40.793Z"}
{"level":"info","message":"ðŸ§ª Test runner executed on c:\\Users\\Feche\\Documents\\UNQ\\PROGRAMACION CON OBJETOS 1\\REPOS\\2025s2c4-materiasts-NicoAGulo","result":{"errored":1,"failed":0,"ok":0},"testsFailed":[{"error":["wollok.lang.MessageNotUnderstoodException: an Estudiante does not understand aprobarMateria(arg 0)","  at test.\"cantidad de materias aprobadas, nota promedio y si tiene o no una materia aprobada\".\"la materia objetos1 ya esta aprobada, entonces devuelve una excepcion\" [test.wtest:49]"],"test":"test.\"cantidad de materias aprobadas, nota promedio y si tiene o no una materia aprobada\".\"la materia objetos1 ya esta aprobada, entonces devuelve una excepcion\""}],"timeElapsed":445,"timestamp":"2025-10-11T08:06:45.263Z"}
{"level":"info","message":"âŒ› Validating test.wtest","timeElapsed":110,"timestamp":"2025-10-11T08:06:55.361Z"}
{"level":"info","message":"ðŸ§ª Test runner executed on c:\\Users\\Feche\\Documents\\UNQ\\PROGRAMACION CON OBJETOS 1\\REPOS\\2025s2c4-materiasts-NicoAGulo","result":{"errored":1,"failed":0,"ok":0},"testsFailed":[{"error":["wollok.lang.Exception: Esa materia ya figura como una materia aprobada y no se puede reemplazar ni sacar.","  at If [estudiante.wlk:17]\r","  at estudiante.Estudiante.aprobarMateria(_materia_, _nota_) [estudiante.wlk:14]\r","  at test.\"cantidad de materias aprobadas, nota promedio y si tiene o no una materia aprobada\".\"la materia objetos1 ya esta aprobada, entonces devuelve una excepcion\" [test.wtest:49]"],"test":"test.\"cantidad de materias aprobadas, nota promedio y si tiene o no una materia aprobada\".\"la materia objetos1 ya esta aprobada, entonces devuelve una excepcion\""}],"timeElapsed":448,"timestamp":"2025-10-11T08:06:59.720Z"}
{"level":"info","message":"âŒ› Validating test.wtest","timeElapsed":102,"timestamp":"2025-10-11T08:07:07.295Z"}
{"level":"info","message":"âŒ› Validating test.wtest","timeElapsed":128,"timestamp":"2025-10-11T08:07:08.905Z"}
{"level":"info","message":"âŒ› Validating test.wtest","timeElapsed":104,"timestamp":"2025-10-11T08:07:09.455Z"}
{"level":"info","message":"âŒ› Validating test.wtest","timeElapsed":120,"timestamp":"2025-10-11T08:07:09.987Z"}
{"level":"info","message":"âŒ› Validating test.wtest","timeElapsed":115,"timestamp":"2025-10-11T08:07:10.103Z"}
{"level":"info","message":"âŒ› Validating test.wtest","timeElapsed":101,"timestamp":"2025-10-11T08:07:10.299Z"}
{"level":"info","message":"âŒ› Validating test.wtest","timeElapsed":151,"timestamp":"2025-10-11T08:07:12.261Z"}
{"level":"info","message":"âŒ› Validating test.wtest","timeElapsed":119,"timestamp":"2025-10-11T08:07:14.343Z"}
{"level":"info","message":"âŒ› Validating test.wtest","timeElapsed":110,"timestamp":"2025-10-11T08:07:14.529Z"}
{"level":"info","message":"âŒ› Building environment","timeElapsed":108,"timestamp":"2025-10-11T08:07:14.637Z"}
{"level":"info","message":"âŒ› Building environment","timeElapsed":109,"timestamp":"2025-10-11T08:07:14.912Z"}
{"level":"info","message":"âŒ› Validating test.wtest","timeElapsed":104,"timestamp":"2025-10-11T08:07:15.017Z"}
{"level":"info","message":"âŒ› Validating test.wtest","timeElapsed":101,"timestamp":"2025-10-11T08:07:15.511Z"}
{"level":"info","message":"âŒ› Validating test.wtest","timeElapsed":103,"timestamp":"2025-10-11T08:07:17.126Z"}
{"level":"info","message":"âŒ› Validating test.wtest","timeElapsed":101,"timestamp":"2025-10-11T08:07:18.898Z"}
{"level":"info","message":"âŒ› Validating test.wtest","timeElapsed":101,"timestamp":"2025-10-11T08:07:19.498Z"}
{"level":"info","message":"âŒ› Building environment","timeElapsed":135,"timestamp":"2025-10-11T08:07:21.355Z"}
{"level":"info","message":"âŒ› Validating test.wtest","timeElapsed":119,"timestamp":"2025-10-11T08:07:21.686Z"}
{"level":"info","message":"âŒ› Validating test.wtest","timeElapsed":104,"timestamp":"2025-10-11T08:07:21.854Z"}
{"level":"info","message":"âŒ› Validating test.wtest","timeElapsed":101,"timestamp":"2025-10-11T08:07:24.190Z"}
{"level":"info","message":"âŒ› Validating test.wtest","timeElapsed":101,"timestamp":"2025-10-11T08:07:24.441Z"}
{"level":"info","message":"âŒ› Validating test.wtest","timeElapsed":101,"timestamp":"2025-10-11T08:07:24.542Z"}
{"level":"info","message":"âŒ› Validating test.wtest","timeElapsed":116,"timestamp":"2025-10-11T08:07:26.331Z"}
{"level":"info","message":"âŒ› Validating test.wtest","timeElapsed":105,"timestamp":"2025-10-11T08:07:26.503Z"}
{"level":"info","message":"âŒ› Validating test.wtest","timeElapsed":101,"timestamp":"2025-10-11T08:07:26.744Z"}
{"level":"info","message":"âŒ› Validating test.wtest","timeElapsed":112,"timestamp":"2025-10-11T08:07:51.054Z"}
{"level":"info","message":"âŒ› Validating test.wtest","timeElapsed":105,"timestamp":"2025-10-11T08:08:02.465Z"}
{"level":"info","message":"âŒ› Validating test.wtest","timeElapsed":103,"timestamp":"2025-10-11T08:08:05.993Z"}
{"level":"info","message":"âŒ› Validating test.wtest","timeElapsed":118,"timestamp":"2025-10-11T08:08:15.468Z"}
{"level":"info","message":"ðŸ§ª Test runner executed on c:\\Users\\Feche\\Documents\\UNQ\\PROGRAMACION CON OBJETOS 1\\REPOS\\2025s2c4-materiasts-NicoAGulo","result":{"errored":0,"failed":0,"ok":1},"testsFailed":[],"timeElapsed":430,"timestamp":"2025-10-11T08:08:20.400Z"}
{"level":"info","message":"âŒ› Validating test.wtest","timeElapsed":101,"timestamp":"2025-10-11T08:08:31.630Z"}
